
1) &div-epB;(ep1)
&div-epB;(ep1)                          : <div type="episode" ref="#ep1">
=>  <div type="episode" ref="#ep1">

2) 
=>  

3) &lgB;
&lgB;                                   : <lg>
=>  <lg>

4) De*uant     que &pers;(ROM,{3%romullus) fuist
*u                                      : <c ana="#lram-c">u</c>
&pers;(ROM,{3%romullus)                 : <persName ref="#ROM"><forename><w>{3%romullus</w></forename></persName>
=>  De<c ana="#lram-c">u</c>ant     que <persName ref="#ROM"><forename><w>{3%romullus</w></forename></persName> fuist

5) &pl-cit;(ROE,Rome) [ne 'l enpire] tenist,
&pl-cit;(ROE,Rome)                      : <placeName type="city" ref="#ROE"><name><w>Rome</w></name></placeName>
,                                       : <pc resp="#ed">,</pc>
=>  <placeName type="city" ref="#ROE"><name><w>Rome</w></name></placeName> [ne 'l enpire] tenist<pc resp="#ed">,</pc>

6) De*uant a*uoit {nom &pl-cit;(ROE,pelantee);
*u                                      : <c ana="#lram-c">u</c>
*u                                      : <c ana="#lram-c">u</c>
&pl-cit;(ROE,pelantee)                  : <placeName type="city" ref="#ROE"><name><w>pelantee</w></name></placeName>
;                                       : <pc resp="#ed">;</pc>
=>  De<c ana="#lram-c">u</c>ant a<c ana="#lram-c">u</c>oit {nom <placeName type="city" ref="#ROE"><name><w>pelantee</w></name></placeName><pc resp="#ed">;</pc>

7) De    &pers;(ROM,romol&sub-tr-sup;(e,o)) &pl-cit;(ROE,rome) \st nomee.
&pers;(ROM,romol&sub-tr-sup;(e,o))      : <persName ref="#ROM"><forename><w>romol&sub-tr-sup;(e,o)</w></forename></persName>
&pl-cit;(ROE,rome)                      : <placeName type="city" ref="#ROE"><name><w>rome</w></name></placeName>
.                                       : <pc resp="#ed">.</pc>
=>  De    <persName ref="#ROM"><forename><w>romol&sub-tr-sup;(e,o)</w></forename></persName> <placeName type="city" ref="#ROE"><name><w>rome</w></name></placeName> \st nomee<pc resp="#ed">.</pc>
7] De    <persName ref="#ROM"><forename><w>romol&sub-tr-sup;(e,o)</w></forename></persName> <placeName type="city" ref="#ROE"><name><w>rome</w></name></placeName> \st nomee<pc resp="#ed">.</pc>
&sub-tr-sup;(e,o)                       : <subst><del rend="transf">e</del><add place="sup">o</add></subst>
->  De    <persName ref="#ROM"><forename><w>romol<subst><del rend="transf">e</del><add place="sup">o</add></subst></w></forename></persName> <placeName type="city" ref="#ROE"><name><w>rome</w></name></placeName> \st nomee<pc resp="#ed">.</pc>

8) Ses freres &pers;(REM,remus) [i fu]} mors
&pers;(REM,remus)                       : <persName ref="#REM"><forename><w>remus</w></forename></persName>
=>  Ses freres <persName ref="#REM"><forename><w>remus</w></forename></persName> [i fu]} mors

9) Dunt il fu gra&n;s pechiés e tort%3}.
&n;                                     : <expan corresp="#ab-tild-nas"><ex>n</ex></expan>
é                                       : <c ana="#e-ton">e</c>
.                                       : <pc resp="#ed">.</pc>
=>  Dunt il fu gra<expan corresp="#ab-tild-nas"><ex>n</ex></expan>s pechi<c ana="#e-ton">e</c>s e tort%3}<pc resp="#ed">.</pc>

10) Ne *uos {2%pois dire [_ne *uos_] poist
*u                                      : <c ana="#lram-c">u</c>
*u                                      : <c ana="#lram-c">u</c>
=>  Ne <c ana="#lram-c">u</c>os {2%pois dire [_ne <c ana="#lram-c">u</c>os_] poist

11) Com il fu mors, &que; [ne me 'l o~ist],
,                                       : <pc resp="#ed">,</pc>
&que;                                   : <expan corresp="#ab-tild-q">q<ex>ue</ex></expan>
~i                                      : <c ana="#hiat">i</c>
,                                       : <pc resp="#ed">,</pc>
=>  Com il fu mors<pc resp="#ed">,</pc> <expan corresp="#ab-tild-q">q<ex>ue</ex></expan> [ne me 'l o<c ana="#hiat">i</c>st]<pc resp="#ed">,</pc>

12) Quar [de 'l estorie] *uuel traiter:
*u                                      : <c ana="#lram-c">u</c>
:                                       : <pc resp="#ed">:</pc>
=>  Quar [de 'l estorie] <c ana="#lram-c">u</c>uel traiter<pc resp="#ed">:</pc>

13) Long est [la fin] del come`çer.
`ç                                      : <c ana="#ced-dipl">ç</c>
.                                       : <pc resp="#ed">.</pc>
=>  Long est [la fin] del come<c ana="#ced-dipl">ç</c>er<pc resp="#ed">.</pc>

14) &lgE;
&lgE;                                   : </lg>
=>  </lg>

15) 
=>  

16) &lgB;
&lgB;                                   : <lg>
=>  <lg>

17) &pb;(2r)
&pb;(2r)                                : <pb n="2r"/>
=>  <pb n="2r"/>

18) &cb-a;
&cb-a;                                  : <cb n="a"/>
=>  <cb n="a"/>

19) &corr;(&hi-f;(Q),D)E*uant le tens [_&que; *ie_] *uos di,
&corr;(&hi-f;(Q),D)                     : <choice><sic>&hi-f;(Q)</sic><corr>D</corr></choice>
*u                                      : <c ana="#lram-c">u</c>
&que;                                   : <expan corresp="#ab-tild-q">q<ex>ue</ex></expan>
*i                                      : <c ana="#lram-c">i</c>
*u                                      : <c ana="#lram-c">u</c>
,                                       : <pc resp="#ed">,</pc>
=>  <choice><sic>&hi-f;(Q)</sic><corr>D</corr></choice>E<c ana="#lram-c">u</c>ant le tens [_<expan corresp="#ab-tild-q">q<ex>ue</ex></expan> <c ana="#lram-c">i</c>e_] <c ana="#lram-c">u</c>os di<pc resp="#ed">,</pc>
19] <choice><sic>&hi-f;(Q)</sic><corr>D</corr></choice>E<c ana="#lram-c">u</c>ant le tens [_<expan corresp="#ab-tild-q">q<ex>ue</ex></expan> <c ana="#lram-c">i</c>e_] <c ana="#lram-c">u</c>os di<pc resp="#ed">,</pc>
&hi-f;(Q)                               : <hi rend="init-flour">Q</hi>
->  <choice><sic><hi rend="init-flour">Q</hi></sic><corr>D</corr></choice>E<c ana="#lram-c">u</c>ant le tens [_<expan corresp="#ab-tild-q">q<ex>ue</ex></expan> <c ana="#lram-c">i</c>e_] <c ana="#lram-c">u</c>os di<pc resp="#ed">,</pc>

20) Ensi con *uos aués o~i,
*u                                      : <c ana="#lram-c">u</c>
é                                       : <c ana="#e-ton">e</c>
~i                                      : <c ana="#hiat">i</c>
,                                       : <pc resp="#ed">,</pc>
=>  Ensi con <c ana="#lram-c">u</c>os au<c ana="#e-ton">e</c>s o<c ana="#hiat">i</c><pc resp="#ed">,</pc>

21) Ot [en &pl-reg;(GRE,&corr;(gre],Grece)) un getil Roi
&pl-reg;(GRE,&corr;(gre],Grece))        : <placeName type="region" ref="#GRE"><name><w>&corr;(gre],Grece)</w></name></placeName>
=>  Ot [en <placeName type="region" ref="#GRE"><name><w>&corr;(gre],Grece)</w></name></placeName> un getil Roi
21] Ot [en <placeName type="region" ref="#GRE"><name><w>&corr;(gre],Grece)</w></name></placeName> un getil Roi
&corr;(gre],Grece)                      : <choice><sic>gre]</sic><corr>Grece</corr></choice>
->  Ot [en <placeName type="region" ref="#GRE"><name><w><choice><sic>gre]</sic><corr>Grece</corr></choice></w></name></placeName> un getil Roi

22) Qui mont fu saçes [de sa] loi%2};
;                                       : <pc resp="#ed">;</pc>
=>  Qui mont fu saçes [de sa] loi%2}<pc resp="#ed">;</pc>

23) Saiges estoit &7; honorés,
&7;                                     : <expan corresp="#ab-tir-7"><ex>et</ex></expan>
é                                       : <c ana="#e-ton">e</c>
,                                       : <pc resp="#ed">,</pc>
=>  Saiges estoit <expan corresp="#ab-tir-7"><ex>et</ex></expan> honor<c ana="#e-ton">e</c>s<pc resp="#ed">,</pc>

24) &pers;(FIL,Filippes) estoit apellés.
&pers;(FIL,Filippes)                    : <persName ref="#FIL"><forename><w>Filippes</w></forename></persName>
é                                       : <c ana="#e-ton">e</c>
.                                       : <pc resp="#ed">.</pc>
=>  <persName ref="#FIL"><forename><w>Filippes</w></forename></persName> estoit apell<c ana="#e-ton">e</c>s<pc resp="#ed">.</pc>

25) 'C est &pers-ep1;(FIL,felipes,macedone~us):
&pers-ep1;(FIL,felipes,macedone~us)     : <persName ref="#FIL"><forename><w>felipes</w></forename><addName type="epithet"><w>macedone~us</w></addName></persName>
:                                       : <pc resp="#ed">:</pc>
=>  'C est <persName ref="#FIL"><forename><w>felipes</w></forename><addName type="epithet"><w>macedone~us</w></addName></persName><pc resp="#ed">:</pc>
25] 'C est <persName ref="#FIL"><forename><w>felipes</w></forename><addName type="epithet"><w>macedone~us</w></addName></persName><pc resp="#ed">:</pc>
~u                                      : <c ana="#hiat">u</c>
->  'C est <persName ref="#FIL"><forename><w>felipes</w></forename><addName type="epithet"><w>macedone<c ana="#hiat">u</c>s</w></addName></persName><pc resp="#ed">:</pc>

26) Pur lui {_fu li nons cone~us
~u                                      : <c ana="#hiat">u</c>
=>  Pur lui {_fu li nons cone<c ana="#hiat">u</c>s

27) Que le tere oit no&n; &pl-reg;(MAC,macedoine),
&n;                                     : <expan corresp="#ab-tild-nas"><ex>n</ex></expan>
&pl-reg;(MAC,macedoine)                 : <placeName type="region" ref="#MAC"><name><w>macedoine</w></name></placeName>
,                                       : <pc resp="#ed">,</pc>
=>  Que le tere oit no<expan corresp="#ab-tild-nas"><ex>n</ex></expan> <placeName type="region" ref="#MAC"><name><w>macedoine</w></name></placeName><pc resp="#ed">,</pc>

28) Mais [_il fu nés_] de &pl-cit;(BAB,babeloine).
é                                       : <c ana="#e-ton">e</c>
&pl-cit;(BAB,babeloine)                 : <placeName type="city" ref="#BAB"><name><w>babeloine</w></name></placeName>
.                                       : <pc resp="#ed">.</pc>
=>  Mais [_il fu n<c ana="#e-ton">e</c>s_] de <placeName type="city" ref="#BAB"><name><w>babeloine</w></name></placeName><pc resp="#ed">.</pc>

29) [Sa mere] fu {1%de &pl-reg;(GR,grece) nee,
&pl-reg;(GR,grece)                      : <placeName type="region" ref="#GR"><name><w>grece</w></name></placeName>
,                                       : <pc resp="#ed">,</pc>
=>  [Sa mere] fu {1%de <placeName type="region" ref="#GR"><name><w>grece</w></name></placeName> nee<pc resp="#ed">,</pc>

30) En &pl-reg;(EGI,egipte) fu mar~iee_}.
&pl-reg;(EGI,egipte)                    : <placeName type="region" ref="#EGI"><name><w>egipte</w></name></placeName>
~i                                      : <c ana="#hiat">i</c>
.                                       : <pc resp="#ed">.</pc>
=>  En <placeName type="region" ref="#EGI"><name><w>egipte</w></name></placeName> fu mar<c ana="#hiat">i</c>ee_}<pc resp="#ed">.</pc>

31) Elles estoie&n;t &num;(dous) serors,
&n;                                     : <expan corresp="#ab-tild-nas"><ex>n</ex></expan>
&num;(dous)                             : <w type="number-letter">dous</w>
,                                       : <pc resp="#ed">,</pc>
=>  Elles estoie<expan corresp="#ab-tild-nas"><ex>n</ex></expan>t <w type="number-letter">dous</w> serors<pc resp="#ed">,</pc>

32) Andeus ore&n;t riche seignors:
&n;                                     : <expan corresp="#ab-tild-nas"><ex>n</ex></expan>
:                                       : <pc resp="#ed">:</pc>
=>  Andeus ore<expan corresp="#ab-tild-nas"><ex>n</ex></expan>t riche seignors<pc resp="#ed">:</pc>

33) &pers;(BRU,Brutus) prist [à feme] 'l ainsnee,
&pers;(BRU,Brutus)                      : <persName ref="#BRU"><forename><w>Brutus</w></forename></persName>
à                                       : <c ana= "#diacr-desamb">a</c>
,                                       : <pc resp="#ed">,</pc>
=>  <persName ref="#BRU"><forename><w>Brutus</w></forename></persName> prist [<c ana= "#diacr-desamb">a</c> feme] 'l ainsnee<pc resp="#ed">,</pc>

34) 'L autre fu &pers;(MAD,madia&n;z) donee.
&pers;(MAD,madia&n;z)                   : <persName ref="#MAD"><forename><w>madia&n;z</w></forename></persName>
.                                       : <pc resp="#ed">.</pc>
=>  'L autre fu <persName ref="#MAD"><forename><w>madia&n;z</w></forename></persName> donee<pc resp="#ed">.</pc>
34] 'L autre fu <persName ref="#MAD"><forename><w>madia&n;z</w></forename></persName> donee<pc resp="#ed">.</pc>
&n;                                     : <expan corresp="#ab-tild-nas"><ex>n</ex></expan>
->  'L autre fu <persName ref="#MAD"><forename><w>madia<expan corresp="#ab-tild-nas"><ex>n</ex></expan>z</w></forename></persName> donee<pc resp="#ed">.</pc>

35) Me &pers;(BRU,brutus) 'n oit point [de la tere],
&pers;(BRU,brutus)                      : <persName ref="#BRU"><forename><w>brutus</w></forename></persName>
,                                       : <pc resp="#ed">,</pc>
=>  Me <persName ref="#BRU"><forename><w>brutus</w></forename></persName> 'n oit point [de la tere]<pc resp="#ed">,</pc>

36) Le pa~is oit destruit por guere
~i                                      : <c ana="#hiat">i</c>
=>  Le pa<c ana="#hiat">i</c>s oit destruit por guere

37) E non [i osa] remanoir,
,                                       : <pc resp="#ed">,</pc>
=>  E non [i osa] remanoir<pc resp="#ed">,</pc>

38) Mes asés enporta &corr;(auoit,avoir%1}).
é                                       : <c ana="#e-ton">e</c>
&corr;(auoit,avoir%1})                  : <choice><sic>auoit</sic><corr>avoir%1}</corr></choice>
.                                       : <pc resp="#ed">.</pc>
=>  Mes as<c ana="#e-ton">e</c>s enporta <choice><sic>auoit</sic><corr>avoir%1}</corr></choice><pc resp="#ed">.</pc>

39) [^Jl e] &pers;(COR,corineus) ensenble
^J                                      : <c ana="#lram-v">J</c>
&pers;(COR,corineus)                    : <persName ref="#COR"><forename><w>corineus</w></forename></persName>
=>  [<c ana="#lram-v">J</c>l e] <persName ref="#COR"><forename><w>corineus</w></forename></persName> ensenble

40) 'L en_menere&n;t, si cu&m; moi senble,
&n;                                     : <expan corresp="#ab-tild-nas"><ex>n</ex></expan>
,                                       : <pc resp="#ed">,</pc>
&m;                                     : <expan corresp="#ab-tild-nas"><ex>m</ex></expan>
,                                       : <pc resp="#ed">,</pc>
=>  'L en_menere<expan corresp="#ab-tild-nas"><ex>n</ex></expan>t<pc resp="#ed">,</pc> si cu<expan corresp="#ab-tild-nas"><ex>m</ex></expan> moi senble<pc resp="#ed">,</pc>

41) En une isle che fu poplee:
:                                       : <pc resp="#ed">:</pc>
=>  En une isle che fu poplee<pc resp="#ed">:</pc>

42) De &pers;(BRU,bruto) &pl-reg;(BRE,Bretagne) nomee,
&pers;(BRU,bruto)                       : <persName ref="#BRU"><forename><w>bruto</w></forename></persName>
&pl-reg;(BRE,Bretagne)                  : <placeName type="region" ref="#BRE"><name><w>Bretagne</w></name></placeName>
,                                       : <pc resp="#ed">,</pc>
=>  De <persName ref="#BRU"><forename><w>bruto</w></forename></persName> <placeName type="region" ref="#BRE"><name><w>Bretagne</w></name></placeName> nomee<pc resp="#ed">,</pc>

43) De &pers;(COR,corineo) &pl-reg;(COR,cornoagle).
&pers;(COR,corineo)                     : <persName ref="#COR"><forename><w>corineo</w></forename></persName>
&pl-reg;(COR,cornoagle)                 : <placeName type="region" ref="#COR"><name><w>cornoagle</w></name></placeName>
.                                       : <pc resp="#ed">.</pc>
=>  De <persName ref="#COR"><forename><w>corineo</w></forename></persName> <placeName type="region" ref="#COR"><name><w>cornoagle</w></name></placeName><pc resp="#ed">.</pc>

44) [Le *uoir] a*ués o~i se&n;s f&del-er;(l)agle.
*u                                      : <c ana="#lram-c">u</c>
*u                                      : <c ana="#lram-c">u</c>
é                                       : <c ana="#e-ton">e</c>
~i                                      : <c ana="#hiat">i</c>
&n;                                     : <expan corresp="#ab-tild-nas"><ex>n</ex></expan>
&del-er;(l)                             : <del rend="eras">l</del>
.                                       : <pc resp="#ed">.</pc>
=>  [Le <c ana="#lram-c">u</c>oir] a<c ana="#lram-c">u</c><c ana="#e-ton">e</c>s o<c ana="#hiat">i</c> se<expan corresp="#ab-tild-nas"><ex>n</ex></expan>s f<del rend="eras">l</del>agle<pc resp="#ed">.</pc>

45) 'L autre che remest el pa~is
~i                                      : <c ana="#hiat">i</c>
=>  'L autre che remest el pa<c ana="#hiat">i</c>s

46) Par le &9;soil [de ses] amis
&9;                                     : <expan corresp="#ab-tir-9"><ex>con</ex></expan>
=>  Par le <expan corresp="#ab-tir-9"><ex>con</ex></expan>soil [de ses] amis

47) La prist &pers-ep;(MAD,madia&n;s,[le,cortois]).
&pers-ep;(MAD,madia&n;s,[le,cortois])   : <persName ref="#MAD"><forename><w>madia&n;s</w></forename><addName type="epithet"><w function="link">[le</w><w>cortois]</w></addName></persName>
.                                       : <pc resp="#ed">.</pc>
=>  La prist <persName ref="#MAD"><forename><w>madia&n;s</w></forename><addName type="epithet"><w function="link">[le</w><w>cortois]</w></addName></persName><pc resp="#ed">.</pc>
47] La prist <persName ref="#MAD"><forename><w>madia&n;s</w></forename><addName type="epithet"><w function="link">[le</w><w>cortois]</w></addName></persName><pc resp="#ed">.</pc>
&n;                                     : <expan corresp="#ab-tild-nas"><ex>n</ex></expan>
->  La prist <persName ref="#MAD"><forename><w>madia<expan corresp="#ab-tild-nas"><ex>n</ex></expan>s</w></forename><addName type="epithet"><w function="link">[le</w><w>cortois]</w></addName></persName><pc resp="#ed">.</pc>

48) Amiraus estoit, pois fu rois:
,                                       : <pc resp="#ed">,</pc>
:                                       : <pc resp="#ed">:</pc>
=>  Amiraus estoit<pc resp="#ed">,</pc> pois fu rois<pc resp="#ed">:</pc>

49) De &pl-cit;(BAB,babiloine) iert amirans,
&pl-cit;(BAB,babiloine)                 : <placeName type="city" ref="#BAB"><name><w>babiloine</w></name></placeName>
,                                       : <pc resp="#ed">,</pc>
=>  De <placeName type="city" ref="#BAB"><name><w>babiloine</w></name></placeName> iert amirans<pc resp="#ed">,</pc>

50) E de &pl-reg;(GRE,grece) fu roi posans.
&pl-reg;(GRE,grece)                     : <placeName type="region" ref="#GRE"><name><w>grece</w></name></placeName>
.                                       : <pc resp="#ed">.</pc>
=>  E de <placeName type="region" ref="#GRE"><name><w>grece</w></name></placeName> fu roi posans<pc resp="#ed">.</pc>

51) De tote le tere aus gregois
=>  De tote le tere aus gregois

52) {Estoit il por feme Rois,
,                                       : <pc resp="#ed">,</pc>
=>  {Estoit il por feme Rois<pc resp="#ed">,</pc>

53) &cb-b;
&cb-b;                                  : <cb n="b"/>
=>  <cb n="b"/>

54) Mais il [i mist] mont grant eso~ine
~i                                      : <c ana="#hiat">i</c>
=>  Mais il [i mist] mont grant eso<c ana="#hiat">i</c>ne

55) Quar &pl-reg;(GRE,grece) est loins de &pl-cit;(BAB,babiloine).
&pl-reg;(GRE,grece)                     : <placeName type="region" ref="#GRE"><name><w>grece</w></name></placeName>
&pl-cit;(BAB,babiloine)                 : <placeName type="city" ref="#BAB"><name><w>babiloine</w></name></placeName>
.                                       : <pc resp="#ed">.</pc>
=>  Quar <placeName type="region" ref="#GRE"><name><w>grece</w></name></placeName> est loins de <placeName type="city" ref="#BAB"><name><w>babiloine</w></name></placeName><pc resp="#ed">.</pc>

56) Qui *uuelt de &pl-reg;(EGI,gipte) [en &pl-reg;(GRE,grece]) aler
*u                                      : <c ana="#lram-c">u</c>
&pl-reg;(EGI,gipte)                     : <placeName type="region" ref="#EGI"><name><w>gipte</w></name></placeName>
&pl-reg;(GRE,grece])                    : <placeName type="region" ref="#GRE"><name><w>grece]</w></name></placeName>
=>  Qui <c ana="#lram-c">u</c>uelt de <placeName type="region" ref="#EGI"><name><w>gipte</w></name></placeName> [en <placeName type="region" ref="#GRE"><name><w>grece]</w></name></placeName> aler

57) Le grand; mer li &9;*uet paser};
;                                       : <pc resp="#ed">;</pc>
&9;                                     : <expan corresp="#ab-tir-9"><ex>con</ex></expan>
*u                                      : <c ana="#lram-c">u</c>
;                                       : <pc resp="#ed">;</pc>
=>  Le grand<pc resp="#ed">;</pc> mer li <expan corresp="#ab-tir-9"><ex>con</ex></expan><c ana="#lram-c">u</c>et paser}<pc resp="#ed">;</pc>

58) Mais 's il *ueut aler par &pl-reg;(SIR,sorie),
*u                                      : <c ana="#lram-c">u</c>
&pl-reg;(SIR,sorie)                     : <placeName type="region" ref="#SIR"><name><w>sorie</w></name></placeName>
,                                       : <pc resp="#ed">,</pc>
=>  Mais 's il <c ana="#lram-c">u</c>eut aler par <placeName type="region" ref="#SIR"><name><w>sorie</w></name></placeName><pc resp="#ed">,</pc>

59) Par &pl-reg;(ANT,anthioche), par &pl-reg;(TUR,torchie),
&pl-reg;(ANT,anthioche)                 : <placeName type="region" ref="#ANT"><name><w>anthioche</w></name></placeName>
,                                       : <pc resp="#ed">,</pc>
&pl-reg;(TUR,torchie)                   : <placeName type="region" ref="#TUR"><name><w>torchie</w></name></placeName>
,                                       : <pc resp="#ed">,</pc>
=>  Par <placeName type="region" ref="#ANT"><name><w>anthioche</w></name></placeName><pc resp="#ed">,</pc> par <placeName type="region" ref="#TUR"><name><w>torchie</w></name></placeName><pc resp="#ed">,</pc>

60) Ou longue *uoie ou poi [de mer]
*u                                      : <c ana="#lram-c">u</c>
=>  Ou longue <c ana="#lram-c">u</c>oie ou poi [de mer]

61) [_Pora il_] bien [en &pl-reg;(GRE,grece]) intrer:
&pl-reg;(GRE,grece])                    : <placeName type="region" ref="#GRE"><name><w>grece]</w></name></placeName>
:                                       : <pc resp="#ed">:</pc>
=>  [_Pora il_] bien [en <placeName type="region" ref="#GRE"><name><w>grece]</w></name></placeName> intrer<pc resp="#ed">:</pc>

62) Le &geog-f2;(BSG,bras,sain,*iorge) tro*uera,
&geog-f2;(BSG,bras,sain,*iorge)         : <geogName ref="#BSG"><geogFeat><w>bras</w></geogFeat><name><w>sain</w><w>*iorge</w></name></geogName>
*u                                      : <c ana="#lram-c">u</c>
,                                       : <pc resp="#ed">,</pc>
=>  Le <geogName ref="#BSG"><geogFeat><w>bras</w></geogFeat><name><w>sain</w><w>*iorge</w></name></geogName> tro<c ana="#lram-c">u</c>era<pc resp="#ed">,</pc>
62] Le <geogName ref="#BSG"><geogFeat><w>bras</w></geogFeat><name><w>sain</w><w>*iorge</w></name></geogName> tro<c ana="#lram-c">u</c>era<pc resp="#ed">,</pc>
*i                                      : <c ana="#lram-c">i</c>
->  Le <geogName ref="#BSG"><geogFeat><w>bras</w></geogFeat><name><w>sain</w><w><c ana="#lram-c">i</c>orge</w></name></geogName> tro<c ana="#lram-c">u</c>era<pc resp="#ed">,</pc>

63) [*Ja plus] de mer ne passera.
*J                                      : <c ana="#lram-c">J</c>
.                                       : <pc resp="#ed">.</pc>
=>  [<c ana="#lram-c">J</c>a plus] de mer ne passera<pc resp="#ed">.</pc>

64) &lgE;
&lgE;                                   : </lg>
=>  </lg>

65) 
=>  

66) &lgB;
&lgB;                                   : <lg>
=>  <lg>

67) &hi-f;(À) &pl-cit;(GAL,Galiple) une cité,
&hi-f;(À)                               : <hi rend="init-flour">À</hi>
&pl-cit;(GAL,Galiple)                   : <placeName type="city" ref="#GAL"><name><w>Galiple</w></name></placeName>
é                                       : <c ana="#e-ton">e</c>
,                                       : <pc resp="#ed">,</pc>
=>  <hi rend="init-flour">À</hi> <placeName type="city" ref="#GAL"><name><w>Galiple</w></name></placeName> une cit<c ana="#e-ton">e</c><pc resp="#ed">,</pc>
67] <hi rend="init-flour">À</hi> <placeName type="city" ref="#GAL"><name><w>Galiple</w></name></placeName> une cit<c ana="#e-ton">e</c><pc resp="#ed">,</pc>
À                                       : <c ana="#diacr-desamb">A</c>
->  <hi rend="init-flour"><c ana="#diacr-desamb">A</c></hi> <placeName type="city" ref="#GAL"><name><w>Galiple</w></name></placeName> une cit<c ana="#e-ton">e</c><pc resp="#ed">,</pc>

68) Ont &pers;(AY,Aimes) [a ma&n;t] *ior esté,
&pers;(AY,Aimes)                        : <persName ref="#AY"><forename><w>Aimes</w></forename></persName>
&n;                                     : <expan corresp="#ab-tild-nas"><ex>n</ex></expan>
*i                                      : <c ana="#lram-c">i</c>
é                                       : <c ana="#e-ton">e</c>
,                                       : <pc resp="#ed">,</pc>
=>  Ont <persName ref="#AY"><forename><w>Aimes</w></forename></persName> [a ma<expan corresp="#ab-tild-nas"><ex>n</ex></expan>t] <c ana="#lram-c">i</c>or est<c ana="#e-ton">e</c><pc resp="#ed">,</pc>

69) ^Jluec est li bras plus estrois:
^J                                      : <c ana="#lram-v">J</c>
:                                       : <pc resp="#ed">:</pc>
=>  <c ana="#lram-v">J</c>luec est li bras plus estrois<pc resp="#ed">:</pc>

70) Paser il poit le *ior &app1;(tres,tr&sub-tr-sup;(e,o)&add-int;(i)s,trois) fois,
*i                                      : <c ana="#lram-c">i</c>
&app1;(tres,tr&sub-tr-sup;(e,o)&add-int;(i)s,trois): <app resp="#1hd"><rdg varSeq="1"><w>tres</w></rdg><rdg varSeq="2"><w>tr&sub-tr-sup;(e,o)&add-int;(i)s</w></rdg><rdg varSeq="3"><w>trois</w></rdg></app>
,                                       : <pc resp="#ed">,</pc>
=>  Paser il poit le <c ana="#lram-c">i</c>or <app resp="#1hd"><rdg varSeq="1"><w>tres</w></rdg><rdg varSeq="2"><w>tr&sub-tr-sup;(e,o)&add-int;(i)s</w></rdg><rdg varSeq="3"><w>trois</w></rdg></app> fois<pc resp="#ed">,</pc>
70] Paser il poit le <c ana="#lram-c">i</c>or <app resp="#1hd"><rdg varSeq="1"><w>tres</w></rdg><rdg varSeq="2"><w>tr&sub-tr-sup;(e,o)&add-int;(i)s</w></rdg><rdg varSeq="3"><w>trois</w></rdg></app> fois<pc resp="#ed">,</pc>
&sub-tr-sup;(e,o)                       : <subst><del rend="transf">e</del><add place="sup">o</add></subst>
&add-int;(i)                            : <add place="interl">i</add>
->  Paser il poit le <c ana="#lram-c">i</c>or <app resp="#1hd"><rdg varSeq="1"><w>tres</w></rdg><rdg varSeq="2"><w>tr<subst><del rend="transf">e</del><add place="sup">o</add></subst><add place="interl">i</add>s</w></rdg><rdg varSeq="3"><w>trois</w></rdg></app> fois<pc resp="#ed">,</pc>

71) O [_à 'l aler_] o [au retor]
à                                       : <c ana= "#diacr-desamb">a</c>
=>  O [_<c ana= "#diacr-desamb">a</c> 'l aler_] o [au retor]

72) Le puet paser &num;(trois) fois le *ior.
&num;(trois)                            : <w type="number-letter">trois</w>
*i                                      : <c ana="#lram-c">i</c>
.                                       : <pc resp="#ed">.</pc>
=>  Le puet paser <w type="number-letter">trois</w> fois le <c ana="#lram-c">i</c>or<pc resp="#ed">.</pc>

73) &lgE;
&lgE;                                   : </lg>
=>  </lg>

74) 
=>  

75) &lgB;
&lgB;                                   : <lg>
=>  <lg>

76) &pers;(MAD,&hi-f;(M)Adians) ot lonc tens la terre
&pers;(MAD,&hi-f;(M)Adians)             : <persName ref="#MAD"><forename><w>&hi-f;(M)Adians</w></forename></persName>
=>  <persName ref="#MAD"><forename><w>&hi-f;(M)Adians</w></forename></persName> ot lonc tens la terre
76] <persName ref="#MAD"><forename><w>&hi-f;(M)Adians</w></forename></persName> ot lonc tens la terre
&hi-f;(M)                               : <hi rend="init-flour">M</hi>
->  <persName ref="#MAD"><forename><w><hi rend="init-flour">M</hi>Adians</w></forename></persName> ot lonc tens la terre

77) [^Vn ore] [en pais], un autre [en guere].
^V                                      : <c ana="#lram-v">V</c>
,                                       : <pc resp="#ed">,</pc>
.                                       : <pc resp="#ed">.</pc>
=>  [<c ana="#lram-v">V</c>n ore] [en pais]<pc resp="#ed">,</pc> un autre [en guere]<pc resp="#ed">.</pc>

78) &num;(Dous) fis a*uoit [de sa] moglier
&num;(Dous)                             : <w type="number-letter">Dous</w>
*u                                      : <c ana="#lram-c">u</c>
=>  <w type="number-letter">Dous</w> fis a<c ana="#lram-c">u</c>oit [de sa] moglier

79) 'Qu il amoit mont e tenoit cher:
:                                       : <pc resp="#ed">:</pc>
=>  'Qu il amoit mont e tenoit cher<pc resp="#ed">:</pc>

80) &pers;(SEL,Selo&sub-tr-sup;(r,c)) a*uoit no&n; li ains_nés,
&pers;(SEL,Selo&sub-tr-sup;(r,c))       : <persName ref="#SEL"><forename><w>Selo&sub-tr-sup;(r,c)</w></forename></persName>
*u                                      : <c ana="#lram-c">u</c>
&n;                                     : <expan corresp="#ab-tild-nas"><ex>n</ex></expan>
é                                       : <c ana="#e-ton">e</c>
,                                       : <pc resp="#ed">,</pc>
=>  <persName ref="#SEL"><forename><w>Selo&sub-tr-sup;(r,c)</w></forename></persName> a<c ana="#lram-c">u</c>oit no<expan corresp="#ab-tild-nas"><ex>n</ex></expan> li ains_n<c ana="#e-ton">e</c>s<pc resp="#ed">,</pc>
80] <persName ref="#SEL"><forename><w>Selo&sub-tr-sup;(r,c)</w></forename></persName> a<c ana="#lram-c">u</c>oit no<expan corresp="#ab-tild-nas"><ex>n</ex></expan> li ains_n<c ana="#e-ton">e</c>s<pc resp="#ed">,</pc>
&sub-tr-sup;(r,c)                       : <subst><del rend="transf">r</del><add place="sup">c</add></subst>
->  <persName ref="#SEL"><forename><w>Selo<subst><del rend="transf">r</del><add place="sup">c</add></subst></w></forename></persName> a<c ana="#lram-c">u</c>oit no<expan corresp="#ab-tild-nas"><ex>n</ex></expan> li ains_n<c ana="#e-ton">e</c>s<pc resp="#ed">,</pc>

81) &pers;(FIL,Filippes) fu pois engendrés.
&pers;(FIL,Filippes)                    : <persName ref="#FIL"><forename><w>Filippes</w></forename></persName>
é                                       : <c ana="#e-ton">e</c>
.                                       : <pc resp="#ed">.</pc>
=>  <persName ref="#FIL"><forename><w>Filippes</w></forename></persName> fu pois engendr<c ana="#e-ton">e</c>s<pc resp="#ed">.</pc>

82) Grant *ioie fu &qt; fu na&add-int;(s)qus.
*i                                      : <c ana="#lram-c">i</c>
&qt;                                    : <expan corresp="#ab-ctr-qt">q<ex>uan</ex>t</expan>
&add-int;(s)                            : <add place="interl">s</add>
.                                       : <pc resp="#ed">.</pc>
=>  Grant <c ana="#lram-c">i</c>oie fu <expan corresp="#ab-ctr-qt">q<ex>uan</ex>t</expan> fu na<add place="interl">s</add>qus<pc resp="#ed">.</pc>

83) Por &pers;(MAD,madian) fu &pers;(FIL,macemus)
&pers;(MAD,madian)                      : <persName ref="#MAD"><forename><w>madian</w></forename></persName>
&pers;(FIL,macemus)                     : <persName ref="#FIL"><forename><w>macemus</w></forename></persName>
=>  Por <persName ref="#MAD"><forename><w>madian</w></forename></persName> fu <persName ref="#FIL"><forename><w>macemus</w></forename></persName>

84) &pers;(FIL,Felippes) ensi sor_només.
&pers;(FIL,Felippes)                    : <persName ref="#FIL"><forename><w>Felippes</w></forename></persName>
é                                       : <c ana="#e-ton">e</c>
.                                       : <pc resp="#ed">.</pc>
=>  <persName ref="#FIL"><forename><w>Felippes</w></forename></persName> ensi sor_nom<c ana="#e-ton">e</c>s<pc resp="#ed">.</pc>

85) Quar {_icel *iors che il fu nés
*i                                      : <c ana="#lram-c">i</c>
é                                       : <c ana="#e-ton">e</c>
=>  Quar {_icel <c ana="#lram-c">i</c>ors che il fu n<c ana="#e-ton">e</c>s

86) Li amira&add-int;(u)t sa cort tenoit
&add-int;(u)                            : <add place="interl">u</add>
=>  Li amira<add place="interl">u</add>t sa cort tenoit

87) Et une grant feste faxoit
=>  Et une grant feste faxoit

88) Del *ior {3%[de sa] nati*uité;
*i                                      : <c ana="#lram-c">i</c>
*u                                      : <c ana="#lram-c">u</c>
é                                       : <c ana="#e-ton">e</c>
;                                       : <pc resp="#ed">;</pc>
=>  Del <c ana="#lram-c">i</c>or {3%[de sa] nati<c ana="#lram-c">u</c>it<c ana="#e-ton">e</c><pc resp="#ed">;</pc>

89) Ses baron a*uoit asenblé.
*u                                      : <c ana="#lram-c">u</c>
é                                       : <c ana="#e-ton">e</c>
.                                       : <pc resp="#ed">.</pc>
=>  Ses baron a<c ana="#lram-c">u</c>oit asenbl<c ana="#e-ton">e</c><pc resp="#ed">.</pc>

90) Li rois ot cel enfant mut cher%3},
,                                       : <pc resp="#ed">,</pc>
=>  Li rois ot cel enfant mut cher%3}<pc resp="#ed">,</pc>

91) Norir le fis&add-inl;(t)_} e ensegner;
&add-inl;(t)                            : <add place="inl">t</add>
;                                       : <pc resp="#ed">;</pc>
=>  Norir le fis<add place="inl">t</add>_} e ensegner<pc resp="#ed">;</pc>

92) &cb-a;
&cb-a;                                  : <cb n="a"/>
=>  <cb n="a"/>

93) &pers;(SEL,Seloc) fist norir enseme&n;t.
&pers;(SEL,Seloc)                       : <persName ref="#SEL"><forename><w>Seloc</w></forename></persName>
&n;                                     : <expan corresp="#ab-tild-nas"><ex>n</ex></expan>
.                                       : <pc resp="#ed">.</pc>
=>  <persName ref="#SEL"><forename><w>Seloc</w></forename></persName> fist norir enseme<expan corresp="#ab-tild-nas"><ex>n</ex></expan>t<pc resp="#ed">.</pc>

94) Le &num;(dous) &app1;(enfans,enfan&sub-tr-sup;(t,s),enfant) &app1;(amoiz,amoi&sub-tr-sup;(z,t),amoit) forme&n;t.
&num;(dous)                             : <w type="number-letter">dous</w>
&app1;(enfans,enfan&sub-tr-sup;(t,s),enfant): <app resp="#1hd"><rdg varSeq="1"><w>enfans</w></rdg><rdg varSeq="2"><w>enfan&sub-tr-sup;(t,s)</w></rdg><rdg varSeq="3"><w>enfant</w></rdg></app>
&app1;(amoiz,amoi&sub-tr-sup;(z,t),amoit): <app resp="#1hd"><rdg varSeq="1"><w>amoiz</w></rdg><rdg varSeq="2"><w>amoi&sub-tr-sup;(z,t)</w></rdg><rdg varSeq="3"><w>amoit</w></rdg></app>
&n;                                     : <expan corresp="#ab-tild-nas"><ex>n</ex></expan>
.                                       : <pc resp="#ed">.</pc>
=>  Le <w type="number-letter">dous</w> <app resp="#1hd"><rdg varSeq="1"><w>enfans</w></rdg><rdg varSeq="2"><w>enfan&sub-tr-sup;(t,s)</w></rdg><rdg varSeq="3"><w>enfant</w></rdg></app> <app resp="#1hd"><rdg varSeq="1"><w>amoiz</w></rdg><rdg varSeq="2"><w>amoi&sub-tr-sup;(z,t)</w></rdg><rdg varSeq="3"><w>amoit</w></rdg></app> forme<expan corresp="#ab-tild-nas"><ex>n</ex></expan>t<pc resp="#ed">.</pc>
94] Le <w type="number-letter">dous</w> <app resp="#1hd"><rdg varSeq="1"><w>enfans</w></rdg><rdg varSeq="2"><w>enfan&sub-tr-sup;(t,s)</w></rdg><rdg varSeq="3"><w>enfant</w></rdg></app> <app resp="#1hd"><rdg varSeq="1"><w>amoiz</w></rdg><rdg varSeq="2"><w>amoi&sub-tr-sup;(z,t)</w></rdg><rdg varSeq="3"><w>amoit</w></rdg></app> forme<expan corresp="#ab-tild-nas"><ex>n</ex></expan>t<pc resp="#ed">.</pc>
&sub-tr-sup;(t,s)                       : <subst><del rend="transf">t</del><add place="sup">s</add></subst>
&sub-tr-sup;(z,t)                       : <subst><del rend="transf">z</del><add place="sup">t</add></subst>
->  Le <w type="number-letter">dous</w> <app resp="#1hd"><rdg varSeq="1"><w>enfans</w></rdg><rdg varSeq="2"><w>enfan<subst><del rend="transf">t</del><add place="sup">s</add></subst></w></rdg><rdg varSeq="3"><w>enfant</w></rdg></app> <app resp="#1hd"><rdg varSeq="1"><w>amoiz</w></rdg><rdg varSeq="2"><w>amoi<subst><del rend="transf">z</del><add place="sup">t</add></subst></w></rdg><rdg varSeq="3"><w>amoit</w></rdg></app> forme<expan corresp="#ab-tild-nas"><ex>n</ex></expan>t<pc resp="#ed">.</pc>

95) &lgE;
&lgE;                                   : </lg>
=>  </lg>

96) 
=>  

97) &lgB;
&lgB;                                   : <lg>
=>  <lg>

98) &hi-f;(L)^J &num;(dui) enfant iere&n;t &mlt; be&sub-tr-sup;(r,l),
&hi-f;(L)                               : <hi rend="init-flour">L</hi>
^J                                      : <c ana="#lram-v">J</c>
&num;(dui)                              : <w type="number-letter">dui</w>
&n;                                     : <expan corresp="#ab-tild-nas"><ex>n</ex></expan>
&mlt;                                   : <expan corresp="#ab-ctr-mlt">m<ex>u</ex>lt</expan>
&sub-tr-sup;(r,l)                       : <subst><del rend="transf">r</del><add place="sup">l</add></subst>
,                                       : <pc resp="#ed">,</pc>
=>  <hi rend="init-flour">L</hi><c ana="#lram-v">J</c> <w type="number-letter">dui</w> enfant iere<expan corresp="#ab-tild-nas"><ex>n</ex></expan>t <expan corresp="#ab-ctr-mlt">m<ex>u</ex>lt</expan> be<subst><del rend="transf">r</del><add place="sup">l</add></subst><pc resp="#ed">,</pc>

99) De lor aage damoisel.
.                                       : <pc resp="#ed">.</pc>
=>  De lor aage damoisel<pc resp="#ed">.</pc>

100) Li Rois le&add-inl;(s) *uit fors &7; &pc-p; legiers,
&add-inl;(s)                            : <add place="inl">s</add>
*u                                      : <c ana="#lram-c">u</c>
&7;                                     : <expan corresp="#ab-tir-7"><ex>et</ex></expan>
&pc-p;                                  : <pc resp="#1hd" type="punctus">.</pc>
,                                       : <pc resp="#ed">,</pc>
=>  Li Rois le<add place="inl">s</add> <c ana="#lram-c">u</c>it fors <expan corresp="#ab-tir-7"><ex>et</ex></expan> <pc resp="#1hd" type="punctus">.</pc> legiers<pc resp="#ed">,</pc>

101) Anbe_dous le fist chi*ualers.
*u                                      : <c ana="#lram-c">u</c>
.                                       : <pc resp="#ed">.</pc>
=>  Anbe_dous le fist chi<c ana="#lram-c">u</c>alers<pc resp="#ed">.</pc>

102) ^J cele feste fu mos grans
^J                                      : <c ana="#lram-v">J</c>
=>  <c ana="#lram-v">J</c> cele feste fu mos grans

103) Que il adoba les enfans:
:                                       : <pc resp="#ed">:</pc>
=>  Que il adoba les enfans<pc resp="#ed">:</pc>

104) Tuit li baru&n; escrit [en geste]
&n;                                     : <expan corresp="#ab-tild-nas"><ex>n</ex></expan>
=>  Tuit li baru<expan corresp="#ab-tild-nas"><ex>n</ex></expan> escrit [en geste]

105) Fure&n;t man&dé; [à cele] feste;
&n;                                     : <expan corresp="#ab-tild-nas"><ex>n</ex></expan>
&dé;                                    : <expan corresp="#ab-lm-dbarr">d<ex><c ana="e-ton">e</c></ex></expan>
à                                       : <c ana= "#diacr-desamb">a</c>
;                                       : <pc resp="#ed">;</pc>
=>  Fure<expan corresp="#ab-tild-nas"><ex>n</ex></expan>t man<expan corresp="#ab-lm-dbarr">d<ex><c ana="e-ton">e</c></ex></expan> [<c ana= "#diacr-desamb">a</c> cele] feste<pc resp="#ed">;</pc>

106) Li R)is [i dona] [à sa gent]
à                                       : <c ana= "#diacr-desamb">a</c>
=>  Li R)is [i dona] [<c ana= "#diacr-desamb">a</c> sa gent]

107) De sum or [e de] su&m; argent.
&m;                                     : <expan corresp="#ab-tild-nas"><ex>m</ex></expan>
.                                       : <pc resp="#ed">.</pc>
=>  De sum or [e de] su<expan corresp="#ab-tild-nas"><ex>m</ex></expan> argent<pc resp="#ed">.</pc>

108) &lgE;
&lgE;                                   : </lg>
=>  </lg>

109) 
=>  

110) &divE;
&divE;                                  : </div>
=>  </div>
