
<l n="1" xml:id="Gl1"><w xml:id="Gl1w1" >De<c ana="#lram-c">u</c>ant</w><w xml:id="Gl1w2" >que</w><persName ref="#ROM"><forename><w xml:id="Gl1w3" >{3%romullus</w></forename></persName><w xml:id="Gl1w4" >fuist</w></l>
1) ['', 'ant', 'que', '', '', '', 'fuist', '']
2) ['u', '', '', '', '', '', '', '']
3) ['', '', '', '{3%romullus', '', '', '', '']
<w>De<c ana="#lram-c">u</c>ant</w>
1) ['u', '']
<w>que</w>
<persName ref="#ROM"><forename><w>{3%romullus</w></forename></persName>
2) ['{3%romullus', '', '']
<w>fuist</w>

<l n="2" xml:id="Gl2"><placeName type="city" ref="#ROE"><name><w xml:id="Gl2w1" >Rome</w></name></placeName><w xml:id="Gl2w2" >[ne</w><w xml:id="Gl2w3" ana="#elis">l</w><w xml:id="Gl2w4" >enpire]</w><w xml:id="Gl2w5" >tenist</w><pc xml:id="Gl2pc1" resp="#ed">,</pc></l>
1) ['', '', '', '[ne', 'l', 'enpire]', 'tenist', ',', '']
3) ['Rome', '', '', '', '', '', '', '', '']
<placeName type="city" ref="#ROE"><name><w>Rome</w></name></placeName>
2) ['Rome', '', '']
<w>[ne</w>
<w ana="#elis">l</w>
<w>enpire]</w>
<w>tenist</w>
<pc resp="#ed">,</pc>

<l n="3" xml:id="Gl3"><w xml:id="Gl3w1" >De<c ana="#lram-c">u</c>ant</w><w xml:id="Gl3w2" >a<c ana="#lram-c">u</c>oit</w><w xml:id="Gl3w3" >{nom</w><placeName type="city" ref="#ROE"><name><w xml:id="Gl3w4" >pelantee</w></name></placeName><pc xml:id="Gl3pc1" resp="#ed">;</pc></l>
1) ['', 'ant', '', 'oit', '{nom', '', '', '', ';', '']
2) ['u', '', 'u', '', '', '', '', '', '', '']
3) ['', '', '', '', '', 'pelantee', '', '', '', '']
<w>De<c ana="#lram-c">u</c>ant</w>
1) ['u', '']
<w>a<c ana="#lram-c">u</c>oit</w>
1) ['u', '']
<w>{nom</w>
<placeName type="city" ref="#ROE"><name><w>pelantee</w></name></placeName>
2) ['pelantee', '', '']
<pc resp="#ed">;</pc>

<l n="4" xml:id="Gl4"><w xml:id="Gl4w1" >De</w><persName ref="#ROM"><forename><w xml:id="Gl4w2" >romol<subst><del rend="transf">e</del><add place="sup">o</add></subst></w></forename></persName><placeName type="city" ref="#ROE"><name><w xml:id="Gl4w3" >rome</w></name></placeName><w xml:id="Gl4w4" ana="#encl">st</w><w xml:id="Gl4w5" >nomee</w><pc xml:id="Gl4pc1" resp="#ed">.</pc></l>
1) ['De', '', '', '', '', '', '', '', '', '', 'st', 'nomee', '.', '']
3) ['', '', '', '', '', '', '', 'rome', '', '', '', '', '', '']
5) ['', 'e', 'o', '', '', '', '', '', '', '', '', '', '', '']
<w>De</w>
<persName ref="#ROM"><forename><w>romol<subst><del rend="transf">e</del><add place="sup">o</add></subst></w></forename></persName>
4) ['e', 'o', '', '', '', '']
<placeName type="city" ref="#ROE"><name><w>rome</w></name></placeName>
2) ['rome', '', '']
<w ana="#encl">st</w>
<w>nomee</w>
<pc resp="#ed">.</pc>

<l n="5" xml:id="Gl5"><w xml:id="Gl5w1" >Ses</w><w xml:id="Gl5w2" >freres</w><persName ref="#REM"><forename><w xml:id="Gl5w3" >remus</w></forename></persName><w xml:id="Gl5w4" >[i</w><w xml:id="Gl5w5" >fu]}</w><w xml:id="Gl5w6" >mors</w></l>
1) ['Ses', 'freres', '', '', '', '[i', 'fu]}', 'mors', '']
3) ['', '', 'remus', '', '', '', '', '', '']
<w>Ses</w>
<w>freres</w>
<persName ref="#REM"><forename><w>remus</w></forename></persName>
2) ['remus', '', '']
<w>[i</w>
<w>fu]}</w>
<w>mors</w>

<l n="6" xml:id="Gl6"><w xml:id="Gl6w1" >Dunt</w><w xml:id="Gl6w2" >il</w><w xml:id="Gl6w3" >fu</w><w xml:id="Gl6w4" >gra<expan corresp="#ab-tild-nas"><ex>n</ex></expan>s</w><w xml:id="Gl6w5" >pechi<c ana="#e-ton">e</c>s</w><w xml:id="Gl6w6" >e</w><w xml:id="Gl6w7" >tort%3}</w><pc xml:id="Gl6pc1" resp="#ed">.</pc></l>
1) ['Dunt', 'il', 'fu', '', '', 's', '', 's', 'e', 'tort%3}', '.', '']
2) ['', '', '', '', '', '', 'e', '', '', '', '', '']
3) ['', '', '', 'n', '', '', '', '', '', '', '', '']
<w>Dunt</w>
<w>il</w>
<w>fu</w>
<w>gra<expan corresp="#ab-tild-nas"><ex>n</ex></expan>s</w>
2) ['n', '', '']
<w>pechi<c ana="#e-ton">e</c>s</w>
1) ['e', '']
<w>e</w>
<w>tort%3}</w>
<pc resp="#ed">.</pc>

<l n="7" xml:id="Gl7"><w xml:id="Gl7w1" >Ne</w><w xml:id="Gl7w2" ><c ana="#lram-c">u</c>os</w><w xml:id="Gl7w3" >{2%pois</w><w xml:id="Gl7w4" >dire</w><w xml:id="Gl7w5" >[_ne</w><w xml:id="Gl7w6" ><c ana="#lram-c">u</c>os_]</w><w xml:id="Gl7w7" >poist</w></l>
1) ['Ne', '', 'os', '{2%pois', 'dire', '[_ne', '', 'os_]', 'poist', '']
2) ['', 'u', '', '', '', '', 'u', '', '', '']
<w>Ne</w>
<w><c ana="#lram-c">u</c>os</w>
1) ['u', '']
<w>{2%pois</w>
<w>dire</w>
<w>[_ne</w>
<w><c ana="#lram-c">u</c>os_]</w>
1) ['u', '']
<w>poist</w>

<l n="8" xml:id="Gl8"><w xml:id="Gl8w1" >Com</w><w xml:id="Gl8w2" >il</w><w xml:id="Gl8w3" >fu</w><w xml:id="Gl8w4" >mors</w><pc xml:id="Gl8pc1" resp="#ed">,</pc><w xml:id="Gl8w5" ><expan corresp="#ab-tild-q">q<ex>ue</ex></expan></w><w xml:id="Gl8w6" >[ne</w><w xml:id="Gl8w7" >me</w><w xml:id="Gl8w8" ana="#elis">l</w><w xml:id="Gl8w9" >o<c ana="#hiat">i</c>st]</w><pc xml:id="Gl8pc2" resp="#ed">,</pc></l>
1) ['Com', 'il', 'fu', 'mors', ',', '', '', '', '[ne', 'me', 'l', '', 'st]', ',', '']
2) ['', '', '', '', '', '', '', '', '', '', '', 'i', '', '', '']
3) ['', '', '', '', '', 'ue', '', '', '', '', '', '', '', '', '']
<w>Com</w>
<w>il</w>
<w>fu</w>
<w>mors</w>
<pc resp="#ed">,</pc>
<w><expan corresp="#ab-tild-q">q<ex>ue</ex></expan></w>
2) ['ue', '', '']
<w>[ne</w>
<w>me</w>
<w ana="#elis">l</w>
<w>o<c ana="#hiat">i</c>st]</w>
1) ['i', '']
<pc resp="#ed">,</pc>

<l n="9" xml:id="Gl9"><w xml:id="Gl9w1" >Quar</w><w xml:id="Gl9w2" >[de</w><w xml:id="Gl9w3" ana="#elis">l</w><w xml:id="Gl9w4" >estorie]</w><w xml:id="Gl9w5" ><c ana="#lram-c">u</c>uel</w><w xml:id="Gl9w6" >traiter</w><pc xml:id="Gl9pc1" resp="#ed">:</pc></l>
1) ['Quar', '[de', 'l', 'estorie]', '', 'uel', 'traiter', ':', '']
2) ['', '', '', '', 'u', '', '', '', '']
<w>Quar</w>
<w>[de</w>
<w ana="#elis">l</w>
<w>estorie]</w>
<w><c ana="#lram-c">u</c>uel</w>
1) ['u', '']
<w>traiter</w>
<pc resp="#ed">:</pc>

<l n="10" xml:id="Gl10"><w xml:id="Gl10w1" >Long</w><w xml:id="Gl10w2" >est</w><w xml:id="Gl10w3" >[la</w><w xml:id="Gl10w4" >fin]</w><w xml:id="Gl10w5" >del</w><w xml:id="Gl10w6" >come<c ana="#ced-dipl">ç</c>er</w><pc xml:id="Gl10pc1" resp="#ed">.</pc></l>
1) ['Long', 'est', '[la', 'fin]', 'del', '', 'er', '.', '']
2) ['', '', '', '', '', 'ç', '', '', '']
<w>Long</w>
<w>est</w>
<w>[la</w>
<w>fin]</w>
<w>del</w>
<w>come<c ana="#ced-dipl">ç</c>er</w>
1) ['ç', '']
<pc resp="#ed">.</pc>

<l n="11" xml:id="Gl11"><w xml:id="Gl11w1" ><choice><sic><hi rend="init-flour">Q</hi></sic><corr>D</corr></choice>E<c ana="#lram-c">u</c>ant</w><w xml:id="Gl11w2" >le</w><w xml:id="Gl11w3" >tens</w><w xml:id="Gl11w4" >[_<expan corresp="#ab-tild-q">q<ex>ue</ex></expan></w><w xml:id="Gl11w5" ><c ana="#lram-c">i</c>e_]</w><w xml:id="Gl11w6" ><c ana="#lram-c">u</c>os</w><w xml:id="Gl11w7" >di</w><pc xml:id="Gl11pc1" resp="#ed">,</pc></l>
1) ['', '', '', '', '', 'ant', 'le', 'tens', '', '', '', '', 'e_]', '', 'os', 'di', ',', '']
2) ['', '', '', '', 'u', '', '', '', '', '', '', 'i', '', 'u', '', '', '', '']
3) ['', '', 'D', '', '', '', '', '', 'ue', '', '', '', '', '', '', '', '', '']
4) ['Q', '', '', '', '', '', '', '', '', '', '', '', '', '', '', '', '', '']
<w><choice><sic><hi rend="init-flour">Q</hi></sic><corr>D</corr></choice>E<c ana="#lram-c">u</c>ant</w>
1) ['', '', '', '', 'u', '']
2) ['', '', 'D', '', '', '']
3) ['Q', '', '', '', '', '']
<w>le</w>
<w>tens</w>
<w>[_<expan corresp="#ab-tild-q">q<ex>ue</ex></expan></w>
2) ['ue', '', '']
<w><c ana="#lram-c">i</c>e_]</w>
1) ['i', '']
<w><c ana="#lram-c">u</c>os</w>
1) ['u', '']
<w>di</w>
<pc resp="#ed">,</pc>

<l n="12" xml:id="Gl12"><w xml:id="Gl12w1" >Ensi</w><w xml:id="Gl12w2" >con</w><w xml:id="Gl12w3" ><c ana="#lram-c">u</c>os</w><w xml:id="Gl12w4" >au<c ana="#e-ton">e</c>s</w><w xml:id="Gl12w5" >o<c ana="#hiat">i</c></w><pc xml:id="Gl12pc1" resp="#ed">,</pc></l>
1) ['Ensi', 'con', '', 'os', '', 's', '', '', ',', '']
2) ['', '', 'u', '', 'e', '', 'i', '', '', '']
<w>Ensi</w>
<w>con</w>
<w><c ana="#lram-c">u</c>os</w>
1) ['u', '']
<w>au<c ana="#e-ton">e</c>s</w>
1) ['e', '']
<w>o<c ana="#hiat">i</c></w>
1) ['i', '']
<pc resp="#ed">,</pc>

<l n="13" xml:id="Gl13"><w xml:id="Gl13w1" >Ot</w><w xml:id="Gl13w2" >[en</w><placeName type="region" ref="#GRE"><name><w xml:id="Gl13w3" ><choice><sic>gre]</sic><corr>Grece</corr></choice></w></name></placeName><w xml:id="Gl13w4" >un</w><w xml:id="Gl13w5" >getil</w><w xml:id="Gl13w6" >Roi</w></l>
1) ['Ot', '[en', '', '', '', '', '', '', 'un', 'getil', 'Roi', '']
5) ['', '', 'gre]', 'Grece', '', '', '', '', '', '', '', '']
<w>Ot</w>
<w>[en</w>
<placeName type="region" ref="#GRE"><name><w><choice><sic>gre]</sic><corr>Grece</corr></choice></w></name></placeName>
4) ['gre]', 'Grece', '', '', '', '']
<w>un</w>
<w>getil</w>
<w>Roi</w>

<l n="14" xml:id="Gl14"><w xml:id="Gl14w1" >Qui</w><w xml:id="Gl14w2" >mont</w><w xml:id="Gl14w3" >fu</w><w xml:id="Gl14w4" >saçes</w><w xml:id="Gl14w5" >[de</w><w xml:id="Gl14w6" >sa]</w><w xml:id="Gl14w7" >loi%2}</w><pc xml:id="Gl14pc1" resp="#ed">;</pc></l>
1) ['Qui', 'mont', 'fu', 'saçes', '[de', 'sa]', 'loi%2}', ';', '']
<w>Qui</w>
<w>mont</w>
<w>fu</w>
<w>saçes</w>
<w>[de</w>
<w>sa]</w>
<w>loi%2}</w>
<pc resp="#ed">;</pc>

<l n="15" xml:id="Gl15"><w xml:id="Gl15w1" >Saiges</w><w xml:id="Gl15w2" >estoit</w><w xml:id="Gl15w3" ><expan corresp="#ab-tir-7"><ex>et</ex></expan></w><w xml:id="Gl15w4" >honor<c ana="#e-ton">e</c>s</w><pc xml:id="Gl15pc1" resp="#ed">,</pc></l>
1) ['Saiges', 'estoit', '', '', '', '', 's', ',', '']
2) ['', '', '', '', '', 'e', '', '', '']
3) ['', '', 'et', '', '', '', '', '', '']
<w>Saiges</w>
<w>estoit</w>
<w><expan corresp="#ab-tir-7"><ex>et</ex></expan></w>
2) ['et', '', '']
<w>honor<c ana="#e-ton">e</c>s</w>
1) ['e', '']
<pc resp="#ed">,</pc>

<l n="16" xml:id="Gl16"><persName ref="#FIL"><forename><w xml:id="Gl16w1" >Filippes</w></forename></persName><w xml:id="Gl16w2" >estoit</w><w xml:id="Gl16w3" >apell<c ana="#e-ton">e</c>s</w><pc xml:id="Gl16pc1" resp="#ed">.</pc></l>
1) ['', '', '', 'estoit', '', 's', '.', '']
2) ['', '', '', '', 'e', '', '', '']
3) ['Filippes', '', '', '', '', '', '', '']
<persName ref="#FIL"><forename><w>Filippes</w></forename></persName>
2) ['Filippes', '', '']
<w>estoit</w>
<w>apell<c ana="#e-ton">e</c>s</w>
1) ['e', '']
<pc resp="#ed">.</pc>

<l n="17" xml:id="Gl17"><w xml:id="Gl17w1" ana="#elis">C</w><w xml:id="Gl17w2" >est</w><persName ref="#FIL"><forename><w xml:id="Gl17w3" >felipes</w></forename><addName type="epithet"><w xml:id="Gl17w4" >macedone<c ana="#hiat">u</c>s</w></addName></persName><pc xml:id="Gl17pc1" resp="#ed">:</pc></l>
1) ['C', 'est', '', '', '', '', '', '', ':', '']
3) ['', '', 'felipes', '', '', 's', '', '', '', '']
4) ['', '', '', '', 'u', '', '', '', '', '']
<w ana="#elis">C</w>
<w>est</w>
<persName ref="#FIL"><forename><w>felipes</w></forename><addName type="epithet"><w>macedone<c ana="#hiat">u</c>s</w></addName></persName>
2) ['felipes', '', '', 's', '', '']
3) ['', '', 'u', '', '', '']
<pc resp="#ed">:</pc>

<l n="18" xml:id="Gl18"><w xml:id="Gl18w1" >Pur</w><w xml:id="Gl18w2" >lui</w><w xml:id="Gl18w3" >{_fu</w><w xml:id="Gl18w4" >li</w><w xml:id="Gl18w5" >nons</w><w xml:id="Gl18w6" >cone<c ana="#hiat">u</c>s</w></l>
1) ['Pur', 'lui', '{_fu', 'li', 'nons', '', 's', '']
2) ['', '', '', '', '', 'u', '', '']
<w>Pur</w>
<w>lui</w>
<w>{_fu</w>
<w>li</w>
<w>nons</w>
<w>cone<c ana="#hiat">u</c>s</w>
1) ['u', '']

<l n="19" xml:id="Gl19"><w xml:id="Gl19w1" >Que</w><w xml:id="Gl19w2" >le</w><w xml:id="Gl19w3" >tere</w><w xml:id="Gl19w4" >oit</w><w xml:id="Gl19w5" >no<expan corresp="#ab-tild-nas"><ex>n</ex></expan></w><placeName type="region" ref="#MAC"><name><w xml:id="Gl19w6" >macedoine</w></name></placeName><pc xml:id="Gl19pc1" resp="#ed">,</pc></l>
1) ['Que', 'le', 'tere', 'oit', '', '', '', '', '', '', ',', '']
3) ['', '', '', '', 'n', '', '', 'macedoine', '', '', '', '']
<w>Que</w>
<w>le</w>
<w>tere</w>
<w>oit</w>
<w>no<expan corresp="#ab-tild-nas"><ex>n</ex></expan></w>
2) ['n', '', '']
<placeName type="region" ref="#MAC"><name><w>macedoine</w></name></placeName>
2) ['macedoine', '', '']
<pc resp="#ed">,</pc>

<l n="20" xml:id="Gl20"><w xml:id="Gl20w1" >Mais</w><w xml:id="Gl20w2" >[_il</w><w xml:id="Gl20w3" >fu</w><w xml:id="Gl20w4" >n<c ana="#e-ton">e</c>s_]</w><w xml:id="Gl20w5" >de</w><placeName type="city" ref="#BAB"><name><w xml:id="Gl20w6" >babeloine</w></name></placeName><pc xml:id="Gl20pc1" resp="#ed">.</pc></l>
1) ['Mais', '[_il', 'fu', '', 's_]', 'de', '', '', '', '.', '']
2) ['', '', '', 'e', '', '', '', '', '', '', '']
3) ['', '', '', '', '', '', 'babeloine', '', '', '', '']
<w>Mais</w>
<w>[_il</w>
<w>fu</w>
<w>n<c ana="#e-ton">e</c>s_]</w>
1) ['e', '']
<w>de</w>
<placeName type="city" ref="#BAB"><name><w>babeloine</w></name></placeName>
2) ['babeloine', '', '']
<pc resp="#ed">.</pc>

<l n="21" xml:id="Gl21"><w xml:id="Gl21w1" >[Sa</w><w xml:id="Gl21w2" >mere]</w><w xml:id="Gl21w3" >fu</w><w xml:id="Gl21w4" >{1%de</w><placeName type="region" ref="#GR"><name><w xml:id="Gl21w5" >grece</w></name></placeName><w xml:id="Gl21w6" >nee</w><pc xml:id="Gl21pc1" resp="#ed">,</pc></l>
1) ['[Sa', 'mere]', 'fu', '{1%de', '', '', '', 'nee', ',', '']
3) ['', '', '', '', 'grece', '', '', '', '', '']
<w>[Sa</w>
<w>mere]</w>
<w>fu</w>
<w>{1%de</w>
<placeName type="region" ref="#GR"><name><w>grece</w></name></placeName>
2) ['grece', '', '']
<w>nee</w>
<pc resp="#ed">,</pc>

<l n="22" xml:id="Gl22"><w xml:id="Gl22w1" >En</w><placeName type="region" ref="#EGI"><name><w xml:id="Gl22w2" >egipte</w></name></placeName><w xml:id="Gl22w3" >fu</w><w xml:id="Gl22w4" >mar<c ana="#hiat">i</c>ee_}</w><pc xml:id="Gl22pc1" resp="#ed">.</pc></l>
1) ['En', '', '', '', 'fu', '', 'ee_}', '.', '']
2) ['', '', '', '', '', 'i', '', '', '']
3) ['', 'egipte', '', '', '', '', '', '', '']
<w>En</w>
<placeName type="region" ref="#EGI"><name><w>egipte</w></name></placeName>
2) ['egipte', '', '']
<w>fu</w>
<w>mar<c ana="#hiat">i</c>ee_}</w>
1) ['i', '']
<pc resp="#ed">.</pc>

<l n="23" xml:id="Gl23"><w xml:id="Gl23w1" >Elles</w><w xml:id="Gl23w2" >estoie<expan corresp="#ab-tild-nas"><ex>n</ex></expan>t</w><w xml:id="Gl23w3" type="number-letter">dous</w><w xml:id="Gl23w4" >serors</w><pc xml:id="Gl23pc1" resp="#ed">,</pc></l>
1) ['Elles', '', '', 't', 'dous', 'serors', ',', '']
3) ['', 'n', '', '', '', '', '', '']
<w>Elles</w>
<w>estoie<expan corresp="#ab-tild-nas"><ex>n</ex></expan>t</w>
2) ['n', '', '']
<w type="number-letter">dous</w>
<w>serors</w>
<pc resp="#ed">,</pc>

<l n="24" xml:id="Gl24"><w xml:id="Gl24w1" >Andeus</w><w xml:id="Gl24w2" >ore<expan corresp="#ab-tild-nas"><ex>n</ex></expan>t</w><w xml:id="Gl24w3" >riche</w><w xml:id="Gl24w4" >seignors</w><pc xml:id="Gl24pc1" resp="#ed">:</pc></l>
1) ['Andeus', '', '', 't', 'riche', 'seignors', ':', '']
3) ['', 'n', '', '', '', '', '', '']
<w>Andeus</w>
<w>ore<expan corresp="#ab-tild-nas"><ex>n</ex></expan>t</w>
2) ['n', '', '']
<w>riche</w>
<w>seignors</w>
<pc resp="#ed">:</pc>

<l n="25" xml:id="Gl25"><persName ref="#BRU"><forename><w xml:id="Gl25w1" >Brutus</w></forename></persName><w xml:id="Gl25w2" >prist</w><w xml:id="Gl25w3" >[<c ana= "#diacr-desamb">a</c></w><w xml:id="Gl25w4" >feme]</w><w xml:id="Gl25w5" ana="#elis">l</w><w xml:id="Gl25w6" >ainsnee</w><pc xml:id="Gl25pc1" resp="#ed">,</pc></l>
1) ['', '', '', 'prist', '', '', 'feme]', 'l', 'ainsnee', ',', '']
2) ['', '', '', '', 'a', '', '', '', '', '', '']
3) ['Brutus', '', '', '', '', '', '', '', '', '', '']
<persName ref="#BRU"><forename><w>Brutus</w></forename></persName>
2) ['Brutus', '', '']
<w>prist</w>
<w>[<c ana= "#diacr-desamb">a</c></w>
1) ['a', '']
<w>feme]</w>
<w ana="#elis">l</w>
<w>ainsnee</w>
<pc resp="#ed">,</pc>

<l n="26" xml:id="Gl26"><w xml:id="Gl26w1" ana="#elis">L</w><w xml:id="Gl26w2" >autre</w><w xml:id="Gl26w3" >fu</w><persName ref="#MAD"><forename><w xml:id="Gl26w4" >madia<expan corresp="#ab-tild-nas"><ex>n</ex></expan>z</w></forename></persName><w xml:id="Gl26w5" >donee</w><pc xml:id="Gl26pc1" resp="#ed">.</pc></l>
1) ['L', 'autre', 'fu', '', '', '', '', '', 'donee', '.', '']
3) ['', '', '', '', '', 'z', '', '', '', '', '']
5) ['', '', '', 'n', '', '', '', '', '', '', '']
<w ana="#elis">L</w>
<w>autre</w>
<w>fu</w>
<persName ref="#MAD"><forename><w>madia<expan corresp="#ab-tild-nas"><ex>n</ex></expan>z</w></forename></persName>
2) ['', '', 'z', '', '']
4) ['n', '', '', '', '']
<w>donee</w>
<pc resp="#ed">.</pc>

<l n="27" xml:id="Gl27"><w xml:id="Gl27w1" >Me</w><persName ref="#BRU"><forename><w xml:id="Gl27w2" >brutus</w></forename></persName><w xml:id="Gl27w3" ana="#elis">n</w><w xml:id="Gl27w4" >oit</w><w xml:id="Gl27w5" >point</w><w xml:id="Gl27w6" >[de</w><w xml:id="Gl27w7" >la</w><w xml:id="Gl27w8" >tere]</w><pc xml:id="Gl27pc1" resp="#ed">,</pc></l>
1) ['Me', '', '', '', 'n', 'oit', 'point', '[de', 'la', 'tere]', ',', '']
3) ['', 'brutus', '', '', '', '', '', '', '', '', '', '']
<w>Me</w>
<persName ref="#BRU"><forename><w>brutus</w></forename></persName>
2) ['brutus', '', '']
<w ana="#elis">n</w>
<w>oit</w>
<w>point</w>
<w>[de</w>
<w>la</w>
<w>tere]</w>
<pc resp="#ed">,</pc>

<l n="28" xml:id="Gl28"><w xml:id="Gl28w1" >Le</w><w xml:id="Gl28w2" >pa<c ana="#hiat">i</c>s</w><w xml:id="Gl28w3" >oit</w><w xml:id="Gl28w4" >destruit</w><w xml:id="Gl28w5" >por</w><w xml:id="Gl28w6" >guere</w></l>
1) ['Le', '', 's', 'oit', 'destruit', 'por', 'guere', '']
2) ['', 'i', '', '', '', '', '', '']
<w>Le</w>
<w>pa<c ana="#hiat">i</c>s</w>
1) ['i', '']
<w>oit</w>
<w>destruit</w>
<w>por</w>
<w>guere</w>

<l n="29" xml:id="Gl29"><w xml:id="Gl29w1" >E</w><w xml:id="Gl29w2" >non</w><w xml:id="Gl29w3" >[i</w><w xml:id="Gl29w4" >osa]</w><w xml:id="Gl29w5" >remanoir</w><pc xml:id="Gl29pc1" resp="#ed">,</pc></l>
1) ['E', 'non', '[i', 'osa]', 'remanoir', ',', '']
<w>E</w>
<w>non</w>
<w>[i</w>
<w>osa]</w>
<w>remanoir</w>
<pc resp="#ed">,</pc>

<l n="30" xml:id="Gl30"><w xml:id="Gl30w1" >Mes</w><w xml:id="Gl30w2" >as<c ana="#e-ton">e</c>s</w><w xml:id="Gl30w3" >enporta</w><w xml:id="Gl30w4" ><choice><sic>auoit</sic><corr>avoir%1}</corr></choice></w><pc xml:id="Gl30pc1" resp="#ed">.</pc></l>
1) ['Mes', '', 's', 'enporta', '', '', '', '', '.', '']
2) ['', 'e', '', '', '', '', '', '', '', '']
3) ['', '', '', '', 'auoit', 'avoir%1}', '', '', '', '']
<w>Mes</w>
<w>as<c ana="#e-ton">e</c>s</w>
1) ['e', '']
<w>enporta</w>
<w><choice><sic>auoit</sic><corr>avoir%1}</corr></choice></w>
2) ['auoit', 'avoir%1}', '', '']
<pc resp="#ed">.</pc>

<l n="31" xml:id="Gl31"><w xml:id="Gl31w1" >[<c ana="#lram-v">J</c>l</w><w xml:id="Gl31w2" >e]</w><persName ref="#COR"><forename><w xml:id="Gl31w3" >corineus</w></forename></persName><w xml:id="Gl31w4" >ensenble</w></l>
1) ['', 'l', 'e]', '', '', '', 'ensenble', '']
2) ['J', '', '', '', '', '', '', '']
3) ['', '', '', 'corineus', '', '', '', '']
<w>[<c ana="#lram-v">J</c>l</w>
1) ['J', '']
<w>e]</w>
<persName ref="#COR"><forename><w>corineus</w></forename></persName>
2) ['corineus', '', '']
<w>ensenble</w>

<l n="32" xml:id="Gl32"><w xml:id="Gl32w1" ana="#elis">L</w><w xml:id="Gl32w2" >en menere<expan corresp="#ab-tild-nas"><ex>n</ex></expan>t</w><pc xml:id="Gl32pc1" resp="#ed">,</pc><w xml:id="Gl32w3" >si</w><w xml:id="Gl32w4" >cu<expan corresp="#ab-tild-nas"><ex>m</ex></expan></w><w xml:id="Gl32w5" >moi</w><w xml:id="Gl32w6" >senble</w><pc xml:id="Gl32pc2" resp="#ed">,</pc></l>
1) ['L', '', '', 't', ',', 'si', '', '', '', 'moi', 'senble', ',', '']
3) ['', 'n', '', '', '', '', 'm', '', '', '', '', '', '']
<w ana="#elis">L</w>
<w>en menere<expan corresp="#ab-tild-nas"><ex>n</ex></expan>t</w>
2) ['n', '', '']
<pc resp="#ed">,</pc>
<w>si</w>
<w>cu<expan corresp="#ab-tild-nas"><ex>m</ex></expan></w>
2) ['m', '', '']
<w>moi</w>
<w>senble</w>
<pc resp="#ed">,</pc>

<l n="33" xml:id="Gl33"><w xml:id="Gl33w1" >En</w><w xml:id="Gl33w2" >une</w><w xml:id="Gl33w3" >isle</w><w xml:id="Gl33w4" >che</w><w xml:id="Gl33w5" >fu</w><w xml:id="Gl33w6" >poplee</w><pc xml:id="Gl33pc1" resp="#ed">:</pc></l>
1) ['En', 'une', 'isle', 'che', 'fu', 'poplee', ':', '']
<w>En</w>
<w>une</w>
<w>isle</w>
<w>che</w>
<w>fu</w>
<w>poplee</w>
<pc resp="#ed">:</pc>

<l n="34" xml:id="Gl34"><w xml:id="Gl34w1" >De</w><persName ref="#BRU"><forename><w xml:id="Gl34w2" >bruto</w></forename></persName><placeName type="region" ref="#BRE"><name><w xml:id="Gl34w3" >Bretagne</w></name></placeName><w xml:id="Gl34w4" >nomee</w><pc xml:id="Gl34pc1" resp="#ed">,</pc></l>
1) ['De', '', '', '', '', '', '', 'nomee', ',', '']
3) ['', 'bruto', '', '', 'Bretagne', '', '', '', '', '']
<w>De</w>
<persName ref="#BRU"><forename><w>bruto</w></forename></persName>
2) ['bruto', '', '']
<placeName type="region" ref="#BRE"><name><w>Bretagne</w></name></placeName>
2) ['Bretagne', '', '']
<w>nomee</w>
<pc resp="#ed">,</pc>

<l n="35" xml:id="Gl35"><w xml:id="Gl35w1" >De</w><persName ref="#COR"><forename><w xml:id="Gl35w2" >corineo</w></forename></persName><placeName type="region" ref="#COR"><name><w xml:id="Gl35w3" >cornoagle</w></name></placeName><pc xml:id="Gl35pc1" resp="#ed">.</pc></l>
1) ['De', '', '', '', '', '', '', '.', '']
3) ['', 'corineo', '', '', 'cornoagle', '', '', '', '']
<w>De</w>
<persName ref="#COR"><forename><w>corineo</w></forename></persName>
2) ['corineo', '', '']
<placeName type="region" ref="#COR"><name><w>cornoagle</w></name></placeName>
2) ['cornoagle', '', '']
<pc resp="#ed">.</pc>

<l n="36" xml:id="Gl36"><w xml:id="Gl36w1" >[Le</w><w xml:id="Gl36w2" ><c ana="#lram-c">u</c>oir]</w><w xml:id="Gl36w3" >a<c ana="#lram-c">u</c><c ana="#e-ton">e</c>s</w><w xml:id="Gl36w4" >o<c ana="#hiat">i</c></w><w xml:id="Gl36w5" >se<expan corresp="#ab-tild-nas"><ex>n</ex></expan>s</w><w xml:id="Gl36w6" >f<del rend="eras">l</del>agle</w><pc xml:id="Gl36pc1" resp="#ed">.</pc></l>
1) ['[Le', '', 'oir]', '', '', 's', '', '', '', '', 's', '', 'agle', '.', '']
2) ['', 'u', '', 'u', 'e', '', 'i', '', '', '', '', 'l', '', '', '']
3) ['', '', '', '', '', '', '', '', 'n', '', '', '', '', '', '']
<w>[Le</w>
<w><c ana="#lram-c">u</c>oir]</w>
1) ['u', '']
<w>a<c ana="#lram-c">u</c><c ana="#e-ton">e</c>s</w>
1) ['u', 'e', '']
<w>o<c ana="#hiat">i</c></w>
1) ['i', '']
<w>se<expan corresp="#ab-tild-nas"><ex>n</ex></expan>s</w>
2) ['n', '', '']
<w>f<del rend="eras">l</del>agle</w>
1) ['l', '']
<pc resp="#ed">.</pc>

<l n="37" xml:id="Gl37"><w xml:id="Gl37w1" ana="#elis">L</w><w xml:id="Gl37w2" >autre</w><w xml:id="Gl37w3" >che</w><w xml:id="Gl37w4" >remest</w><w xml:id="Gl37w5" >el</w><w xml:id="Gl37w6" >pa<c ana="#hiat">i</c>s</w></l>
1) ['L', 'autre', 'che', 'remest', 'el', '', 's', '']
2) ['', '', '', '', '', 'i', '', '']
<w ana="#elis">L</w>
<w>autre</w>
<w>che</w>
<w>remest</w>
<w>el</w>
<w>pa<c ana="#hiat">i</c>s</w>
1) ['i', '']

<l n="38" xml:id="Gl38"><w xml:id="Gl38w1" >Par</w><w xml:id="Gl38w2" >le</w><w xml:id="Gl38w3" ><expan corresp="#ab-tir-9"><ex>con</ex></expan>soil</w><w xml:id="Gl38w4" >[de</w><w xml:id="Gl38w5" >ses]</w><w xml:id="Gl38w6" >amis</w></l>
1) ['Par', 'le', '', '', 'soil', '[de', 'ses]', 'amis', '']
3) ['', '', 'con', '', '', '', '', '', '']
<w>Par</w>
<w>le</w>
<w><expan corresp="#ab-tir-9"><ex>con</ex></expan>soil</w>
2) ['con', '', '']
<w>[de</w>
<w>ses]</w>
<w>amis</w>

<l n="39" xml:id="Gl39"><w xml:id="Gl39w1" >La</w><w xml:id="Gl39w2" >prist</w><persName ref="#MAD"><forename><w xml:id="Gl39w3" >madia<expan corresp="#ab-tild-nas"><ex>n</ex></expan>s</w></forename><addName type="epithet"><w xml:id="Gl39w4" function="link">[le</w><w xml:id="Gl39w5" >cortois]</w></addName></persName><pc xml:id="Gl39pc1" resp="#ed">.</pc></l>
1) ['La', 'prist', '', '', '', '', '', '', '', '', '.', '']
3) ['', '', '', '', 's', '', '[le', 'cortois]', '', '', '', '']
5) ['', '', 'n', '', '', '', '', '', '', '', '', '']
<w>La</w>
<w>prist</w>
<persName ref="#MAD"><forename><w>madia<expan corresp="#ab-tild-nas"><ex>n</ex></expan>s</w></forename><addName type="epithet"><w function="link">[le</w><w>cortois]</w></addName></persName>
2) ['', '', 's', '', '[le', 'cortois]', '', '']
4) ['n', '', '', '', '', '', '', '']
<pc resp="#ed">.</pc>

<l n="40" xml:id="Gl40"><w xml:id="Gl40w1" >Amiraus</w><w xml:id="Gl40w2" >estoit</w><pc xml:id="Gl40pc1" resp="#ed">,</pc><w xml:id="Gl40w3" >pois</w><w xml:id="Gl40w4" >fu</w><w xml:id="Gl40w5" >rois</w><pc xml:id="Gl40pc2" resp="#ed">:</pc></l>
1) ['Amiraus', 'estoit', ',', 'pois', 'fu', 'rois', ':', '']
<w>Amiraus</w>
<w>estoit</w>
<pc resp="#ed">,</pc>
<w>pois</w>
<w>fu</w>
<w>rois</w>
<pc resp="#ed">:</pc>

<l n="41" xml:id="Gl41"><w xml:id="Gl41w1" >De</w><placeName type="city" ref="#BAB"><name><w xml:id="Gl41w2" >babiloine</w></name></placeName><w xml:id="Gl41w3" >iert</w><w xml:id="Gl41w4" >amirans</w><pc xml:id="Gl41pc1" resp="#ed">,</pc></l>
1) ['De', '', '', '', 'iert', 'amirans', ',', '']
3) ['', 'babiloine', '', '', '', '', '', '']
<w>De</w>
<placeName type="city" ref="#BAB"><name><w>babiloine</w></name></placeName>
2) ['babiloine', '', '']
<w>iert</w>
<w>amirans</w>
<pc resp="#ed">,</pc>

<l n="42" xml:id="Gl42"><w xml:id="Gl42w1" >E</w><w xml:id="Gl42w2" >de</w><placeName type="region" ref="#GRE"><name><w xml:id="Gl42w3" >grece</w></name></placeName><w xml:id="Gl42w4" >fu</w><w xml:id="Gl42w5" >roi</w><w xml:id="Gl42w6" >posans</w><pc xml:id="Gl42pc1" resp="#ed">.</pc></l>
1) ['E', 'de', '', '', '', 'fu', 'roi', 'posans', '.', '']
3) ['', '', 'grece', '', '', '', '', '', '', '']
<w>E</w>
<w>de</w>
<placeName type="region" ref="#GRE"><name><w>grece</w></name></placeName>
2) ['grece', '', '']
<w>fu</w>
<w>roi</w>
<w>posans</w>
<pc resp="#ed">.</pc>

<l n="43" xml:id="Gl43"><w xml:id="Gl43w1" >De</w><w xml:id="Gl43w2" >tote</w><w xml:id="Gl43w3" >le</w><w xml:id="Gl43w4" >tere</w><w xml:id="Gl43w5" >aus</w><w xml:id="Gl43w6" >gregois</w></l>
1) ['De', 'tote', 'le', 'tere', 'aus', 'gregois', '']
<w>De</w>
<w>tote</w>
<w>le</w>
<w>tere</w>
<w>aus</w>
<w>gregois</w>

<l n="44" xml:id="Gl44"><w xml:id="Gl44w1" >{Estoit</w><w xml:id="Gl44w2" >il</w><w xml:id="Gl44w3" >por</w><w xml:id="Gl44w4" >feme</w><w xml:id="Gl44w5" >Rois</w><pc xml:id="Gl44pc1" resp="#ed">,</pc></l>
1) ['{Estoit', 'il', 'por', 'feme', 'Rois', ',', '']
<w>{Estoit</w>
<w>il</w>
<w>por</w>
<w>feme</w>
<w>Rois</w>
<pc resp="#ed">,</pc>

<l n="45" xml:id="Gl45"><w xml:id="Gl45w1" >Mais</w><w xml:id="Gl45w2" >il</w><w xml:id="Gl45w3" >[i</w><w xml:id="Gl45w4" >mist]</w><w xml:id="Gl45w5" >mont</w><w xml:id="Gl45w6" >grant</w><w xml:id="Gl45w7" >eso<c ana="#hiat">i</c>ne</w></l>
1) ['Mais', 'il', '[i', 'mist]', 'mont', 'grant', '', 'ne', '']
2) ['', '', '', '', '', '', 'i', '', '']
<w>Mais</w>
<w>il</w>
<w>[i</w>
<w>mist]</w>
<w>mont</w>
<w>grant</w>
<w>eso<c ana="#hiat">i</c>ne</w>
1) ['i', '']

<l n="46" xml:id="Gl46"><w xml:id="Gl46w1" >Quar</w><placeName type="region" ref="#GRE"><name><w xml:id="Gl46w2" >grece</w></name></placeName><w xml:id="Gl46w3" >est</w><w xml:id="Gl46w4" >loins</w><w xml:id="Gl46w5" >de</w><placeName type="city" ref="#BAB"><name><w xml:id="Gl46w6" >babiloine</w></name></placeName><pc xml:id="Gl46pc1" resp="#ed">.</pc></l>
1) ['Quar', '', '', '', 'est', 'loins', 'de', '', '', '', '.', '']
3) ['', 'grece', '', '', '', '', '', 'babiloine', '', '', '', '']
<w>Quar</w>
<placeName type="region" ref="#GRE"><name><w>grece</w></name></placeName>
2) ['grece', '', '']
<w>est</w>
<w>loins</w>
<w>de</w>
<placeName type="city" ref="#BAB"><name><w>babiloine</w></name></placeName>
2) ['babiloine', '', '']
<pc resp="#ed">.</pc>

<l n="47" xml:id="Gl47"><w xml:id="Gl47w1" >Qui</w><w xml:id="Gl47w2" ><c ana="#lram-c">u</c>uelt</w><w xml:id="Gl47w3" >de</w><placeName type="region" ref="#EGI"><name><w xml:id="Gl47w4" >gipte</w></name></placeName><w xml:id="Gl47w5" >[en</w><placeName type="region" ref="#GRE"><name><w xml:id="Gl47w6" >grece]</w></name></placeName><w xml:id="Gl47w7" >aler</w></l>
1) ['Qui', '', 'uelt', 'de', '', '', '', '[en', '', '', '', 'aler', '']
2) ['', 'u', '', '', '', '', '', '', '', '', '', '', '']
3) ['', '', '', '', 'gipte', '', '', '', 'grece]', '', '', '', '']
<w>Qui</w>
<w><c ana="#lram-c">u</c>uelt</w>
1) ['u', '']
<w>de</w>
<placeName type="region" ref="#EGI"><name><w>gipte</w></name></placeName>
2) ['gipte', '', '']
<w>[en</w>
<placeName type="region" ref="#GRE"><name><w>grece]</w></name></placeName>
2) ['grece]', '', '']
<w>aler</w>

<l n="48" xml:id="Gl48"><w xml:id="Gl48w1" >Le</w><w xml:id="Gl48w2" >grand</w><pc xml:id="Gl48pc1" resp="#ed">;</pc><w xml:id="Gl48w3" >mer</w><w xml:id="Gl48w4" >li</w><w xml:id="Gl48w5" ><expan corresp="#ab-tir-9"><ex>con</ex></expan><c ana="#lram-c">u</c>et</w><w xml:id="Gl48w6" >paser}</w><pc xml:id="Gl48pc2" resp="#ed">;</pc></l>
1) ['Le', 'grand', ';', 'mer', 'li', '', '', '', 'et', 'paser}', ';', '']
2) ['', '', '', '', '', '', '', 'u', '', '', '', '']
3) ['', '', '', '', '', 'con', '', '', '', '', '', '']
<w>Le</w>
<w>grand</w>
<pc resp="#ed">;</pc>
<w>mer</w>
<w>li</w>
<w><expan corresp="#ab-tir-9"><ex>con</ex></expan><c ana="#lram-c">u</c>et</w>
1) ['', '', 'u', '']
2) ['con', '', '', '']
<w>paser}</w>
<pc resp="#ed">;</pc>

<l n="49" xml:id="Gl49"><w xml:id="Gl49w1" >Mais</w><w xml:id="Gl49w2" ana="#elis">s</w><w xml:id="Gl49w3" >il</w><w xml:id="Gl49w4" ><c ana="#lram-c">u</c>eut</w><w xml:id="Gl49w5" >aler</w><w xml:id="Gl49w6" >par</w><placeName type="region" ref="#SIR"><name><w xml:id="Gl49w7" >sorie</w></name></placeName><pc xml:id="Gl49pc1" resp="#ed">,</pc></l>
1) ['Mais', 's', 'il', '', 'eut', 'aler', 'par', '', '', '', ',', '']
2) ['', '', '', 'u', '', '', '', '', '', '', '', '']
3) ['', '', '', '', '', '', '', 'sorie', '', '', '', '']
<w>Mais</w>
<w ana="#elis">s</w>
<w>il</w>
<w><c ana="#lram-c">u</c>eut</w>
1) ['u', '']
<w>aler</w>
<w>par</w>
<placeName type="region" ref="#SIR"><name><w>sorie</w></name></placeName>
2) ['sorie', '', '']
<pc resp="#ed">,</pc>

<l n="50" xml:id="Gl50"><w xml:id="Gl50w1" >Par</w><placeName type="region" ref="#ANT"><name><w xml:id="Gl50w2" >anthioche</w></name></placeName><pc xml:id="Gl50pc1" resp="#ed">,</pc><w xml:id="Gl50w3" >par</w><placeName type="region" ref="#TUR"><name><w xml:id="Gl50w4" >torchie</w></name></placeName><pc xml:id="Gl50pc2" resp="#ed">,</pc></l>
1) ['Par', '', '', '', ',', 'par', '', '', '', ',', '']
3) ['', 'anthioche', '', '', '', '', 'torchie', '', '', '', '']
<w>Par</w>
<placeName type="region" ref="#ANT"><name><w>anthioche</w></name></placeName>
2) ['anthioche', '', '']
<pc resp="#ed">,</pc>
<w>par</w>
<placeName type="region" ref="#TUR"><name><w>torchie</w></name></placeName>
2) ['torchie', '', '']
<pc resp="#ed">,</pc>

<l n="51" xml:id="Gl51"><w xml:id="Gl51w1" >Ou</w><w xml:id="Gl51w2" >longue</w><w xml:id="Gl51w3" ><c ana="#lram-c">u</c>oie</w><w xml:id="Gl51w4" >ou</w><w xml:id="Gl51w5" >poi</w><w xml:id="Gl51w6" >[de</w><w xml:id="Gl51w7" >mer]</w></l>
1) ['Ou', 'longue', '', 'oie', 'ou', 'poi', '[de', 'mer]', '']
2) ['', '', 'u', '', '', '', '', '', '']
<w>Ou</w>
<w>longue</w>
<w><c ana="#lram-c">u</c>oie</w>
1) ['u', '']
<w>ou</w>
<w>poi</w>
<w>[de</w>
<w>mer]</w>

<l n="52" xml:id="Gl52"><w xml:id="Gl52w1" >[_Pora</w><w xml:id="Gl52w2" >il_]</w><w xml:id="Gl52w3" >bien</w><w xml:id="Gl52w4" >[en</w><placeName type="region" ref="#GRE"><name><w xml:id="Gl52w5" >grece]</w></name></placeName><w xml:id="Gl52w6" >intrer</w><pc xml:id="Gl52pc1" resp="#ed">:</pc></l>
1) ['[_Pora', 'il_]', 'bien', '[en', '', '', '', 'intrer', ':', '']
3) ['', '', '', '', 'grece]', '', '', '', '', '']
<w>[_Pora</w>
<w>il_]</w>
<w>bien</w>
<w>[en</w>
<placeName type="region" ref="#GRE"><name><w>grece]</w></name></placeName>
2) ['grece]', '', '']
<w>intrer</w>
<pc resp="#ed">:</pc>

<l n="53" xml:id="Gl53"><w xml:id="Gl53w1" >Le</w><geogName ref="#BSG"><geogFeat><w xml:id="Gl53w2" >bras</w></geogFeat><name><w xml:id="Gl53w3" >sain</w><w xml:id="Gl53w4" ><c ana="#lram-c">i</c>orge</w></name></geogName><w xml:id="Gl53w5" >tro<c ana="#lram-c">u</c>era</w><pc xml:id="Gl53pc1" resp="#ed">,</pc></l>
1) ['Le', '', '', '', '', '', '', '', '', 'era', ',', '']
2) ['', '', '', '', '', '', '', '', 'u', '', '', '']
3) ['', 'bras', '', 'sain', '', 'orge', '', '', '', '', '', '']
4) ['', '', '', '', 'i', '', '', '', '', '', '', '']
<w>Le</w>
<geogName ref="#BSG"><geogFeat><w>bras</w></geogFeat><name><w>sain</w><w><c ana="#lram-c">i</c>orge</w></name></geogName>
2) ['bras', '', 'sain', '', 'orge', '', '']
3) ['', '', '', 'i', '', '', '']
<w>tro<c ana="#lram-c">u</c>era</w>
1) ['u', '']
<pc resp="#ed">,</pc>

<l n="54" xml:id="Gl54"><w xml:id="Gl54w1" >[<c ana="#lram-c">J</c>a</w><w xml:id="Gl54w2" >plus]</w><w xml:id="Gl54w3" >de</w><w xml:id="Gl54w4" >mer</w><w xml:id="Gl54w5" >ne</w><w xml:id="Gl54w6" >passera</w><pc xml:id="Gl54pc1" resp="#ed">.</pc></l>
1) ['', 'a', 'plus]', 'de', 'mer', 'ne', 'passera', '.', '']
2) ['J', '', '', '', '', '', '', '', '']
<w>[<c ana="#lram-c">J</c>a</w>
1) ['J', '']
<w>plus]</w>
<w>de</w>
<w>mer</w>
<w>ne</w>
<w>passera</w>
<pc resp="#ed">.</pc>

<l n="55" xml:id="Gl55"><w xml:id="Gl55w1" ><hi rend="init-flour"><c ana="#diacr-desamb">A</c></hi></w><placeName type="city" ref="#GAL"><name><w xml:id="Gl55w2" >Galiple</w></name></placeName><w xml:id="Gl55w3" >une</w><w xml:id="Gl55w4" >cit<c ana="#e-ton">e</c></w><pc xml:id="Gl55pc1" resp="#ed">,</pc></l>
1) ['', '', '', '', '', '', 'une', '', '', ',', '']
2) ['', '', '', '', '', '', '', 'e', '', '', '']
3) ['A', '', '', 'Galiple', '', '', '', '', '', '', '']
<w><hi rend="init-flour"><c ana="#diacr-desamb">A</c></hi></w>
2) ['A', '', '']
<placeName type="city" ref="#GAL"><name><w>Galiple</w></name></placeName>
2) ['Galiple', '', '']
<w>une</w>
<w>cit<c ana="#e-ton">e</c></w>
1) ['e', '']
<pc resp="#ed">,</pc>

<l n="56" xml:id="Gl56"><w xml:id="Gl56w1" >Ont</w><persName ref="#AY"><forename><w xml:id="Gl56w2" >Aimes</w></forename></persName><w xml:id="Gl56w3" >[a</w><w xml:id="Gl56w4" >ma<expan corresp="#ab-tild-nas"><ex>n</ex></expan>t]</w><w xml:id="Gl56w5" ><c ana="#lram-c">i</c>or</w><w xml:id="Gl56w6" >est<c ana="#e-ton">e</c></w><pc xml:id="Gl56pc1" resp="#ed">,</pc></l>
1) ['Ont', '', '', '', '[a', '', '', 't]', '', 'or', '', '', ',', '']
2) ['', '', '', '', '', '', '', '', 'i', '', 'e', '', '', '']
3) ['', 'Aimes', '', '', '', 'n', '', '', '', '', '', '', '', '']
<w>Ont</w>
<persName ref="#AY"><forename><w>Aimes</w></forename></persName>
2) ['Aimes', '', '']
<w>[a</w>
<w>ma<expan corresp="#ab-tild-nas"><ex>n</ex></expan>t]</w>
2) ['n', '', '']
<w><c ana="#lram-c">i</c>or</w>
1) ['i', '']
<w>est<c ana="#e-ton">e</c></w>
1) ['e', '']
<pc resp="#ed">,</pc>

<l n="57" xml:id="Gl57"><w xml:id="Gl57w1" ><c ana="#lram-v">J</c>luec</w><w xml:id="Gl57w2" >est</w><w xml:id="Gl57w3" >li</w><w xml:id="Gl57w4" >bras</w><w xml:id="Gl57w5" >plus</w><w xml:id="Gl57w6" >estrois</w><pc xml:id="Gl57pc1" resp="#ed">:</pc></l>
1) ['', 'luec', 'est', 'li', 'bras', 'plus', 'estrois', ':', '']
2) ['J', '', '', '', '', '', '', '', '']
<w><c ana="#lram-v">J</c>luec</w>
1) ['J', '']
<w>est</w>
<w>li</w>
<w>bras</w>
<w>plus</w>
<w>estrois</w>
<pc resp="#ed">:</pc>

<l n="58" xml:id="Gl58"><w xml:id="Gl58w1" >Paser</w><w xml:id="Gl58w2" >il</w><w xml:id="Gl58w3" >poit</w><w xml:id="Gl58w4" >le</w><w xml:id="Gl58w5" ><c ana="#lram-c">i</c>or</w><app resp="#1hd"><rdg varSeq="1"><w xml:id="Gl58w6" >tres</w></rdg><rdg varSeq="2"><w xml:id="Gl58w7" >tr<subst><del rend="transf">e</del><add place="sup">o</add></subst><add place="interl">i</add>s</w></rdg><rdg varSeq="3"><w xml:id="Gl58w8" >trois</w></rdg></app><w xml:id="Gl58w9" >fois</w><pc xml:id="Gl58pc1" resp="#ed">,</pc></l>
1) ['Paser', 'il', 'poit', 'le', '', 'or', '', '', '', '', '', '', '', '', '', '', '', 'fois', ',', '']
2) ['', '', '', '', 'i', '', '', '', '', '', '', '', '', '', '', '', '', '', '', '']
3) ['', '', '', '', '', '', 'tres', '', '', '', '', '', 's', '', 'trois', '', '', '', '', '']
4) ['', '', '', '', '', '', '', '', '', '', '', 'i', '', '', '', '', '', '', '', '']
5) ['', '', '', '', '', '', '', '', 'e', 'o', '', '', '', '', '', '', '', '', '', '']
<w>Paser</w>
<w>il</w>
<w>poit</w>
<w>le</w>
<w><c ana="#lram-c">i</c>or</w>
1) ['i', '']
<app resp="#1hd"><rdg varSeq="1"><w>tres</w></rdg><rdg varSeq="2"><w>tr<subst><del rend="transf">e</del><add place="sup">o</add></subst><add place="interl">i</add>s</w></rdg><rdg varSeq="3"><w>trois</w></rdg></app>
2) ['tres', '', '', '', '', '', 's', '', 'trois', '', '']
3) ['', '', '', '', '', 'i', '', '', '', '', '']
4) ['', '', 'e', 'o', '', '', '', '', '', '', '']
<w>fois</w>
<pc resp="#ed">,</pc>

<l n="59" xml:id="Gl59"><w xml:id="Gl59w1" >O</w><w xml:id="Gl59w2" >[_<c ana= "#diacr-desamb">a</c></w><w xml:id="Gl59w3" ana="#elis">l</w><w xml:id="Gl59w4" >aler_]</w><w xml:id="Gl59w5" >o</w><w xml:id="Gl59w6" >[au</w><w xml:id="Gl59w7" >retor]</w></l>
1) ['O', '', '', 'l', 'aler_]', 'o', '[au', 'retor]', '']
2) ['', 'a', '', '', '', '', '', '', '']
<w>O</w>
<w>[_<c ana= "#diacr-desamb">a</c></w>
1) ['a', '']
<w ana="#elis">l</w>
<w>aler_]</w>
<w>o</w>
<w>[au</w>
<w>retor]</w>

<l n="60" xml:id="Gl60"><w xml:id="Gl60w1" >Le</w><w xml:id="Gl60w2" >puet</w><w xml:id="Gl60w3" >paser</w><w xml:id="Gl60w4" type="number-letter">trois</w><w xml:id="Gl60w5" >fois</w><w xml:id="Gl60w6" >le</w><w xml:id="Gl60w7" ><c ana="#lram-c">i</c>or</w><pc xml:id="Gl60pc1" resp="#ed">.</pc></l>
1) ['Le', 'puet', 'paser', 'trois', 'fois', 'le', '', 'or', '.', '']
2) ['', '', '', '', '', '', 'i', '', '', '']
<w>Le</w>
<w>puet</w>
<w>paser</w>
<w type="number-letter">trois</w>
<w>fois</w>
<w>le</w>
<w><c ana="#lram-c">i</c>or</w>
1) ['i', '']
<pc resp="#ed">.</pc>

<l n="61" xml:id="Gl61"><persName ref="#MAD"><forename><w xml:id="Gl61w1" ><hi rend="init-flour">M</hi>Adians</w></forename></persName><w xml:id="Gl61w2" >ot</w><w xml:id="Gl61w3" >lonc</w><w xml:id="Gl61w4" >tens</w><w xml:id="Gl61w5" >la</w><w xml:id="Gl61w6" >terre</w></l>
1) ['', '', '', '', 'ot', 'lonc', 'tens', 'la', 'terre', '']
3) ['', 'Adians', '', '', '', '', '', '', '', '']
4) ['M', '', '', '', '', '', '', '', '', '']
<persName ref="#MAD"><forename><w><hi rend="init-flour">M</hi>Adians</w></forename></persName>
2) ['', 'Adians', '', '']
3) ['M', '', '', '']
<w>ot</w>
<w>lonc</w>
<w>tens</w>
<w>la</w>
<w>terre</w>

<l n="62" xml:id="Gl62"><w xml:id="Gl62w1" >[<c ana="#lram-v">V</c>n</w><w xml:id="Gl62w2" >ore]</w><w xml:id="Gl62w3" >[en</w><w xml:id="Gl62w4" >pais]</w><pc xml:id="Gl62pc1" resp="#ed">,</pc><w xml:id="Gl62w5" >un</w><w xml:id="Gl62w6" >autre</w><w xml:id="Gl62w7" >[en</w><w xml:id="Gl62w8" >guere]</w><pc xml:id="Gl62pc2" resp="#ed">.</pc></l>
1) ['', 'n', 'ore]', '[en', 'pais]', ',', 'un', 'autre', '[en', 'guere]', '.', '']
2) ['V', '', '', '', '', '', '', '', '', '', '', '']
<w>[<c ana="#lram-v">V</c>n</w>
1) ['V', '']
<w>ore]</w>
<w>[en</w>
<w>pais]</w>
<pc resp="#ed">,</pc>
<w>un</w>
<w>autre</w>
<w>[en</w>
<w>guere]</w>
<pc resp="#ed">.</pc>

<l n="63" xml:id="Gl63"><w xml:id="Gl63w1" type="number-letter">Dous</w><w xml:id="Gl63w2" >fis</w><w xml:id="Gl63w3" >a<c ana="#lram-c">u</c>oit</w><w xml:id="Gl63w4" >[de</w><w xml:id="Gl63w5" >sa]</w><w xml:id="Gl63w6" >moglier</w></l>
1) ['Dous', 'fis', '', 'oit', '[de', 'sa]', 'moglier', '']
2) ['', '', 'u', '', '', '', '', '']
<w type="number-letter">Dous</w>
<w>fis</w>
<w>a<c ana="#lram-c">u</c>oit</w>
1) ['u', '']
<w>[de</w>
<w>sa]</w>
<w>moglier</w>

<l n="64" xml:id="Gl64"><w xml:id="Gl64w1" ana="#elis">Qu</w><w xml:id="Gl64w2" >il</w><w xml:id="Gl64w3" >amoit</w><w xml:id="Gl64w4" >mont</w><w xml:id="Gl64w5" >e</w><w xml:id="Gl64w6" >tenoit</w><w xml:id="Gl64w7" >cher</w><pc xml:id="Gl64pc1" resp="#ed">:</pc></l>
1) ['Qu', 'il', 'amoit', 'mont', 'e', 'tenoit', 'cher', ':', '']
<w ana="#elis">Qu</w>
<w>il</w>
<w>amoit</w>
<w>mont</w>
<w>e</w>
<w>tenoit</w>
<w>cher</w>
<pc resp="#ed">:</pc>

<l n="65" xml:id="Gl65"><persName ref="#SEL"><forename><w xml:id="Gl65w1" >Selo<subst><del rend="transf">r</del><add place="sup">c</add></subst></w></forename></persName><w xml:id="Gl65w2" >a<c ana="#lram-c">u</c>oit</w><w xml:id="Gl65w3" >no<expan corresp="#ab-tild-nas"><ex>n</ex></expan></w><w xml:id="Gl65w4" >li</w><w xml:id="Gl65w5" >ains n<c ana="#e-ton">e</c>s</w><pc xml:id="Gl65pc1" resp="#ed">,</pc></l>
1) ['', '', '', '', '', '', '', 'oit', '', '', '', 'li', '', 's', ',', '']
2) ['', '', '', '', '', '', 'u', '', '', '', '', '', 'e', '', '', '']
3) ['', '', '', '', '', '', '', '', 'n', '', '', '', '', '', '', '']
5) ['r', 'c', '', '', '', '', '', '', '', '', '', '', '', '', '', '']
<persName ref="#SEL"><forename><w>Selo<subst><del rend="transf">r</del><add place="sup">c</add></subst></w></forename></persName>
4) ['r', 'c', '', '', '', '']
<w>a<c ana="#lram-c">u</c>oit</w>
1) ['u', '']
<w>no<expan corresp="#ab-tild-nas"><ex>n</ex></expan></w>
2) ['n', '', '']
<w>li</w>
<w>ains n<c ana="#e-ton">e</c>s</w>
1) ['e', '']
<pc resp="#ed">,</pc>

<l n="66" xml:id="Gl66"><persName ref="#FIL"><forename><w xml:id="Gl66w1" >Filippes</w></forename></persName><w xml:id="Gl66w2" >fu</w><w xml:id="Gl66w3" >pois</w><w xml:id="Gl66w4" >engendr<c ana="#e-ton">e</c>s</w><pc xml:id="Gl66pc1" resp="#ed">.</pc></l>
1) ['', '', '', 'fu', 'pois', '', 's', '.', '']
2) ['', '', '', '', '', 'e', '', '', '']
3) ['Filippes', '', '', '', '', '', '', '', '']
<persName ref="#FIL"><forename><w>Filippes</w></forename></persName>
2) ['Filippes', '', '']
<w>fu</w>
<w>pois</w>
<w>engendr<c ana="#e-ton">e</c>s</w>
1) ['e', '']
<pc resp="#ed">.</pc>

<l n="67" xml:id="Gl67"><w xml:id="Gl67w1" >Grant</w><w xml:id="Gl67w2" ><c ana="#lram-c">i</c>oie</w><w xml:id="Gl67w3" >fu</w><w xml:id="Gl67w4" ><expan corresp="#ab-ctr-qt">q<ex>uan</ex>t</expan></w><w xml:id="Gl67w5" >fu</w><w xml:id="Gl67w6" >na<add place="interl">s</add>qus</w><pc xml:id="Gl67pc1" resp="#ed">.</pc></l>
1) ['Grant', '', 'oie', 'fu', '', '', '', 'fu', '', 'qus', '.', '']
2) ['', 'i', '', '', '', 't', '', '', 's', '', '', '']
3) ['', '', '', '', 'uan', '', '', '', '', '', '', '']
<w>Grant</w>
<w><c ana="#lram-c">i</c>oie</w>
1) ['i', '']
<w>fu</w>
<w><expan corresp="#ab-ctr-qt">q<ex>uan</ex>t</expan></w>
1) ['', 't', '']
2) ['uan', '', '']
<w>fu</w>
<w>na<add place="interl">s</add>qus</w>
1) ['s', '']
<pc resp="#ed">.</pc>

<l n="68" xml:id="Gl68"><w xml:id="Gl68w1" >Por</w><persName ref="#MAD"><forename><w xml:id="Gl68w2" >madian</w></forename></persName><w xml:id="Gl68w3" >fu</w><persName ref="#FIL"><forename><w xml:id="Gl68w4" >macemus</w></forename></persName></l>
1) ['Por', '', '', '', 'fu', '', '', '', '']
3) ['', 'madian', '', '', '', 'macemus', '', '', '']
<w>Por</w>
<persName ref="#MAD"><forename><w>madian</w></forename></persName>
2) ['madian', '', '']
<w>fu</w>
<persName ref="#FIL"><forename><w>macemus</w></forename></persName>
2) ['macemus', '', '']

<l n="69" xml:id="Gl69"><persName ref="#FIL"><forename><w xml:id="Gl69w1" >Felippes</w></forename></persName><w xml:id="Gl69w2" >ensi</w><w xml:id="Gl69w3" >sor nom<c ana="#e-ton">e</c>s</w><pc xml:id="Gl69pc1" resp="#ed">.</pc></l>
1) ['', '', '', 'ensi', '', 's', '.', '']
2) ['', '', '', '', 'e', '', '', '']
3) ['Felippes', '', '', '', '', '', '', '']
<persName ref="#FIL"><forename><w>Felippes</w></forename></persName>
2) ['Felippes', '', '']
<w>ensi</w>
<w>sor nom<c ana="#e-ton">e</c>s</w>
1) ['e', '']
<pc resp="#ed">.</pc>

<l n="70" xml:id="Gl70"><w xml:id="Gl70w1" >Quar</w><w xml:id="Gl70w2" >{_icel</w><w xml:id="Gl70w3" ><c ana="#lram-c">i</c>ors</w><w xml:id="Gl70w4" >che</w><w xml:id="Gl70w5" >il</w><w xml:id="Gl70w6" >fu</w><w xml:id="Gl70w7" >n<c ana="#e-ton">e</c>s</w></l>
1) ['Quar', '{_icel', '', 'ors', 'che', 'il', 'fu', '', 's', '']
2) ['', '', 'i', '', '', '', '', 'e', '', '']
<w>Quar</w>
<w>{_icel</w>
<w><c ana="#lram-c">i</c>ors</w>
1) ['i', '']
<w>che</w>
<w>il</w>
<w>fu</w>
<w>n<c ana="#e-ton">e</c>s</w>
1) ['e', '']

<l n="71" xml:id="Gl71"><w xml:id="Gl71w1" >Li</w><w xml:id="Gl71w2" >amira<add place="interl">u</add>t</w><w xml:id="Gl71w3" >sa</w><w xml:id="Gl71w4" >cort</w><w xml:id="Gl71w5" >tenoit</w></l>
1) ['Li', '', 't', 'sa', 'cort', 'tenoit', '']
2) ['', 'u', '', '', '', '', '']
<w>Li</w>
<w>amira<add place="interl">u</add>t</w>
1) ['u', '']
<w>sa</w>
<w>cort</w>
<w>tenoit</w>

<l n="72" xml:id="Gl72"><w xml:id="Gl72w1" >Et</w><w xml:id="Gl72w2" >une</w><w xml:id="Gl72w3" >grant</w><w xml:id="Gl72w4" >feste</w><w xml:id="Gl72w5" >faxoit</w></l>
1) ['Et', 'une', 'grant', 'feste', 'faxoit', '']
<w>Et</w>
<w>une</w>
<w>grant</w>
<w>feste</w>
<w>faxoit</w>

<l n="73" xml:id="Gl73"><w xml:id="Gl73w1" >Del</w><w xml:id="Gl73w2" ><c ana="#lram-c">i</c>or</w><w xml:id="Gl73w3" >{3%[de</w><w xml:id="Gl73w4" >sa]</w><w xml:id="Gl73w5" >nati<c ana="#lram-c">u</c>it<c ana="#e-ton">e</c></w><pc xml:id="Gl73pc1" resp="#ed">;</pc></l>
1) ['Del', '', 'or', '{3%[de', 'sa]', '', '', '', ';', '']
2) ['', 'i', '', '', '', 'u', 'e', '', '', '']
<w>Del</w>
<w><c ana="#lram-c">i</c>or</w>
1) ['i', '']
<w>{3%[de</w>
<w>sa]</w>
<w>nati<c ana="#lram-c">u</c>it<c ana="#e-ton">e</c></w>
1) ['u', 'e', '']
<pc resp="#ed">;</pc>

<l n="74" xml:id="Gl74"><w xml:id="Gl74w1" >Ses</w><w xml:id="Gl74w2" >baron</w><w xml:id="Gl74w3" >a<c ana="#lram-c">u</c>oit</w><w xml:id="Gl74w4" >asenbl<c ana="#e-ton">e</c></w><pc xml:id="Gl74pc1" resp="#ed">.</pc></l>
1) ['Ses', 'baron', '', 'oit', '', '', '.', '']
2) ['', '', 'u', '', 'e', '', '', '']
<w>Ses</w>
<w>baron</w>
<w>a<c ana="#lram-c">u</c>oit</w>
1) ['u', '']
<w>asenbl<c ana="#e-ton">e</c></w>
1) ['e', '']
<pc resp="#ed">.</pc>

<l n="75" xml:id="Gl75"><w xml:id="Gl75w1" >Li</w><w xml:id="Gl75w2" >rois</w><w xml:id="Gl75w3" >ot</w><w xml:id="Gl75w4" >cel</w><w xml:id="Gl75w5" >enfant</w><w xml:id="Gl75w6" >mut</w><w xml:id="Gl75w7" >cher%3}</w><pc xml:id="Gl75pc1" resp="#ed">,</pc></l>
1) ['Li', 'rois', 'ot', 'cel', 'enfant', 'mut', 'cher%3}', ',', '']
<w>Li</w>
<w>rois</w>
<w>ot</w>
<w>cel</w>
<w>enfant</w>
<w>mut</w>
<w>cher%3}</w>
<pc resp="#ed">,</pc>

<l n="76" xml:id="Gl76"><w xml:id="Gl76w1" >Norir</w><w xml:id="Gl76w2" >le</w><w xml:id="Gl76w3" >fis<add place="inl">t</add>_}</w><w xml:id="Gl76w4" >e</w><w xml:id="Gl76w5" >ensegner</w><pc xml:id="Gl76pc1" resp="#ed">;</pc></l>
1) ['Norir', 'le', '', '_}', 'e', 'ensegner', ';', '']
2) ['', '', 't', '', '', '', '', '']
<w>Norir</w>
<w>le</w>
<w>fis<add place="inl">t</add>_}</w>
1) ['t', '']
<w>e</w>
<w>ensegner</w>
<pc resp="#ed">;</pc>

<l n="77" xml:id="Gl77"><persName ref="#SEL"><forename><w xml:id="Gl77w1" >Seloc</w></forename></persName><w xml:id="Gl77w2" >fist</w><w xml:id="Gl77w3" >norir</w><w xml:id="Gl77w4" >enseme<expan corresp="#ab-tild-nas"><ex>n</ex></expan>t</w><pc xml:id="Gl77pc1" resp="#ed">.</pc></l>
1) ['', '', '', 'fist', 'norir', '', '', 't', '.', '']
3) ['Seloc', '', '', '', '', 'n', '', '', '', '']
<persName ref="#SEL"><forename><w>Seloc</w></forename></persName>
2) ['Seloc', '', '']
<w>fist</w>
<w>norir</w>
<w>enseme<expan corresp="#ab-tild-nas"><ex>n</ex></expan>t</w>
2) ['n', '', '']
<pc resp="#ed">.</pc>

<l n="78" xml:id="Gl78"><w xml:id="Gl78w1" >Le</w><w xml:id="Gl78w2" type="number-letter">dous</w><app resp="#1hd"><rdg varSeq="1"><w xml:id="Gl78w3" >enfans</w></rdg><rdg varSeq="2"><w xml:id="Gl78w4" >enfan<subst><del rend="transf">t</del><add place="sup">s</add></subst></w></rdg><rdg varSeq="3"><w xml:id="Gl78w5" >enfant</w></rdg></app><app resp="#1hd"><rdg varSeq="1"><w xml:id="Gl78w6" >amoiz</w></rdg><rdg varSeq="2"><w xml:id="Gl78w7" >amoi<subst><del rend="transf">z</del><add place="sup">t</add></subst></w></rdg><rdg varSeq="3"><w xml:id="Gl78w8" >amoit</w></rdg></app><w xml:id="Gl78w9" >forme<expan corresp="#ab-tild-nas"><ex>n</ex></expan>t</w><pc xml:id="Gl78pc1" resp="#ed">.</pc></l>
1) ['Le', 'dous', '', '', '', '', '', '', '', '', '', '', '', '', '', '', '', '', '', '', '', '', '', '', 't', '.', '']
3) ['', '', 'enfans', '', '', '', '', '', '', 'enfant', '', '', 'amoiz', '', '', '', '', '', '', 'amoit', '', '', 'n', '', '', '', '']
5) ['', '', '', '', 't', 's', '', '', '', '', '', '', '', '', 'z', 't', '', '', '', '', '', '', '', '', '', '', '']
<w>Le</w>
<w type="number-letter">dous</w>
<app resp="#1hd"><rdg varSeq="1"><w>enfans</w></rdg><rdg varSeq="2"><w>enfan<subst><del rend="transf">t</del><add place="sup">s</add></subst></w></rdg><rdg varSeq="3"><w>enfant</w></rdg></app>
2) ['enfans', '', '', '', '', '', '', 'enfant', '', '']
4) ['', '', 't', 's', '', '', '', '', '', '']
<app resp="#1hd"><rdg varSeq="1"><w>amoiz</w></rdg><rdg varSeq="2"><w>amoi<subst><del rend="transf">z</del><add place="sup">t</add></subst></w></rdg><rdg varSeq="3"><w>amoit</w></rdg></app>
2) ['amoiz', '', '', '', '', '', '', 'amoit', '', '']
4) ['', '', 'z', 't', '', '', '', '', '', '']
<w>forme<expan corresp="#ab-tild-nas"><ex>n</ex></expan>t</w>
2) ['n', '', '']
<pc resp="#ed">.</pc>

<l n="79" xml:id="Gl79"><w xml:id="Gl79w1" ><hi rend="init-flour">L</hi><c ana="#lram-v">J</c></w><w xml:id="Gl79w2" type="number-letter">dui</w><w xml:id="Gl79w3" >enfant</w><w xml:id="Gl79w4" >iere<expan corresp="#ab-tild-nas"><ex>n</ex></expan>t</w><w xml:id="Gl79w5" ><expan corresp="#ab-ctr-mlt">m<ex>u</ex>lt</expan></w><w xml:id="Gl79w6" >be<subst><del rend="transf">r</del><add place="sup">l</add></subst></w><pc xml:id="Gl79pc1" resp="#ed">,</pc></l>
1) ['', '', '', 'dui', 'enfant', '', '', 't', '', '', '', '', '', '', '', ',', '']
2) ['L', 'J', '', '', '', '', '', '', '', 'lt', '', '', '', '', '', '', '']
3) ['', '', '', '', '', 'n', '', '', 'u', '', '', 'r', 'l', '', '', '', '']
<w><hi rend="init-flour">L</hi><c ana="#lram-v">J</c></w>
1) ['L', 'J', '']
<w type="number-letter">dui</w>
<w>enfant</w>
<w>iere<expan corresp="#ab-tild-nas"><ex>n</ex></expan>t</w>
2) ['n', '', '']
<w><expan corresp="#ab-ctr-mlt">m<ex>u</ex>lt</expan></w>
1) ['', 'lt', '']
2) ['u', '', '']
<w>be<subst><del rend="transf">r</del><add place="sup">l</add></subst></w>
2) ['r', 'l', '', '']
<pc resp="#ed">,</pc>

<l n="80" xml:id="Gl80"><w xml:id="Gl80w1" >De</w><w xml:id="Gl80w2" >lor</w><w xml:id="Gl80w3" >aage</w><w xml:id="Gl80w4" >damoisel</w><pc xml:id="Gl80pc1" resp="#ed">.</pc></l>
1) ['De', 'lor', 'aage', 'damoisel', '.', '']
<w>De</w>
<w>lor</w>
<w>aage</w>
<w>damoisel</w>
<pc resp="#ed">.</pc>

<l n="81" xml:id="Gl81"><w xml:id="Gl81w1" >Li</w><w xml:id="Gl81w2" >Rois</w><w xml:id="Gl81w3" >le<add place="inl">s</add></w><w xml:id="Gl81w4" ><c ana="#lram-c">u</c>it</w><w xml:id="Gl81w5" >fors</w><w xml:id="Gl81w6" ><expan corresp="#ab-tir-7"><ex>et</ex></expan></w><pc xml:id="Gl81pc1" resp="#1hd" type="punctus">.</pc><w xml:id="Gl81w7" >legiers</w><pc xml:id="Gl81pc2" resp="#ed">,</pc></l>
1) ['Li', 'Rois', '', '', '', 'it', 'fors', '', '', '', '.', 'legiers', ',', '']
2) ['', '', 's', '', 'u', '', '', '', '', '', '', '', '', '']
3) ['', '', '', '', '', '', '', 'et', '', '', '', '', '', '']
<w>Li</w>
<w>Rois</w>
<w>le<add place="inl">s</add></w>
1) ['s', '']
<w><c ana="#lram-c">u</c>it</w>
1) ['u', '']
<w>fors</w>
<w><expan corresp="#ab-tir-7"><ex>et</ex></expan></w>
2) ['et', '', '']
<pc resp="#1hd" type="punctus">.</pc>
<w>legiers</w>
<pc resp="#ed">,</pc>

<l n="82" xml:id="Gl82"><w xml:id="Gl82w1" >Anbe dous</w><w xml:id="Gl82w2" >le</w><w xml:id="Gl82w3" >fist</w><w xml:id="Gl82w4" >chi<c ana="#lram-c">u</c>alers</w><pc xml:id="Gl82pc1" resp="#ed">.</pc></l>
1) ['Anbe dous', 'le', 'fist', '', 'alers', '.', '']
2) ['', '', '', 'u', '', '', '']
<w>Anbe dous</w>
<w>le</w>
<w>fist</w>
<w>chi<c ana="#lram-c">u</c>alers</w>
1) ['u', '']
<pc resp="#ed">.</pc>

<l n="83" xml:id="Gl83"><w xml:id="Gl83w1" ><c ana="#lram-v">J</c></w><w xml:id="Gl83w2" >cele</w><w xml:id="Gl83w3" >feste</w><w xml:id="Gl83w4" >fu</w><w xml:id="Gl83w5" >mos</w><w xml:id="Gl83w6" >grans</w></l>
1) ['', '', 'cele', 'feste', 'fu', 'mos', 'grans', '']
2) ['J', '', '', '', '', '', '', '']
<w><c ana="#lram-v">J</c></w>
1) ['J', '']
<w>cele</w>
<w>feste</w>
<w>fu</w>
<w>mos</w>
<w>grans</w>

<l n="84" xml:id="Gl84"><w xml:id="Gl84w1" >Que</w><w xml:id="Gl84w2" >il</w><w xml:id="Gl84w3" >adoba</w><w xml:id="Gl84w4" >les</w><w xml:id="Gl84w5" >enfans</w><pc xml:id="Gl84pc1" resp="#ed">:</pc></l>
1) ['Que', 'il', 'adoba', 'les', 'enfans', ':', '']
<w>Que</w>
<w>il</w>
<w>adoba</w>
<w>les</w>
<w>enfans</w>
<pc resp="#ed">:</pc>

<l n="85" xml:id="Gl85"><w xml:id="Gl85w1" >Tuit</w><w xml:id="Gl85w2" >li</w><w xml:id="Gl85w3" >baru<expan corresp="#ab-tild-nas"><ex>n</ex></expan></w><w xml:id="Gl85w4" >escrit</w><w xml:id="Gl85w5" >[en</w><w xml:id="Gl85w6" >geste]</w></l>
1) ['Tuit', 'li', '', '', '', 'escrit', '[en', 'geste]', '']
3) ['', '', 'n', '', '', '', '', '', '']
<w>Tuit</w>
<w>li</w>
<w>baru<expan corresp="#ab-tild-nas"><ex>n</ex></expan></w>
2) ['n', '', '']
<w>escrit</w>
<w>[en</w>
<w>geste]</w>

<l n="86" xml:id="Gl86"><w xml:id="Gl86w1" >Fure<expan corresp="#ab-tild-nas"><ex>n</ex></expan>t</w><w xml:id="Gl86w2" >man<expan corresp="#ab-lm-dbarr">d<ex><c ana="e-ton">e</c></ex></expan></w><w xml:id="Gl86w3" >[<c ana= "#diacr-desamb">a</c></w><w xml:id="Gl86w4" >cele]</w><w xml:id="Gl86w5" >feste</w><pc xml:id="Gl86pc1" resp="#ed">;</pc></l>
1) ['', '', 't', '', '', '', '', '', '', 'cele]', 'feste', ';', '']
2) ['', '', '', '', '', '', '', 'a', '', '', '', '', '']
3) ['n', '', '', '', '', '', '', '', '', '', '', '', '']
4) ['', '', '', 'e', '', '', '', '', '', '', '', '', '']
<w>Fure<expan corresp="#ab-tild-nas"><ex>n</ex></expan>t</w>
2) ['n', '', '']
<w>man<expan corresp="#ab-lm-dbarr">d<ex><c ana="e-ton">e</c></ex></expan></w>
3) ['e', '', '', '']
<w>[<c ana= "#diacr-desamb">a</c></w>
1) ['a', '']
<w>cele]</w>
<w>feste</w>
<pc resp="#ed">;</pc>

<l n="87" xml:id="Gl87"><w xml:id="Gl87w1" >Li</w><w xml:id="Gl87w2" >R)is</w><w xml:id="Gl87w3" >[i</w><w xml:id="Gl87w4" >dona]</w><w xml:id="Gl87w5" >[<c ana= "#diacr-desamb">a</c></w><w xml:id="Gl87w6" >sa</w><w xml:id="Gl87w7" >gent]</w></l>
1) ['Li', 'R)is', '[i', 'dona]', '', '', 'sa', 'gent]', '']
2) ['', '', '', '', 'a', '', '', '', '']
<w>Li</w>
<w>R)is</w>
<w>[i</w>
<w>dona]</w>
<w>[<c ana= "#diacr-desamb">a</c></w>
1) ['a', '']
<w>sa</w>
<w>gent]</w>

<l n="88" xml:id="Gl88"><w xml:id="Gl88w1" >De</w><w xml:id="Gl88w2" >sum</w><w xml:id="Gl88w3" >or</w><w xml:id="Gl88w4" >[e</w><w xml:id="Gl88w5" >de]</w><w xml:id="Gl88w6" >su<expan corresp="#ab-tild-nas"><ex>m</ex></expan></w><w xml:id="Gl88w7" >argent</w><pc xml:id="Gl88pc1" resp="#ed">.</pc></l>
1) ['De', 'sum', 'or', '[e', 'de]', '', '', '', 'argent', '.', '']
3) ['', '', '', '', '', 'm', '', '', '', '', '']
<w>De</w>
<w>sum</w>
<w>or</w>
<w>[e</w>
<w>de]</w>
<w>su<expan corresp="#ab-tild-nas"><ex>m</ex></expan></w>
2) ['m', '', '']
<w>argent</w>
<pc resp="#ed">.</pc>
