>>>     directspeech     <<<

ODRD  from:Gl3w3     {nom           <w xml:id="Gl3w3">{nom</w>
CDRD  to  :Gl5w5     fu]}           <w xml:id="Gl5w5">fu]}</w>

ODRD  from:Gl44w1    {Estoit        <w xml:id="Gl44w1">{Estoit</w>
CDRD  to  :Gl48w6    paser}         <w xml:id="Gl48w6">paser}</w>

>>>     monologue     <<<

OMON  from:Gl18w3    {_fu           <w xml:id="Gl18w3">{_fu</w>
CMON  to  :Gl22w4    mariee_}       <w xml:id="Gl22w4">mar<c ana="#hiat">i</c>ee_}</w>

OMON  from:Gl70w2    {_icel         <w xml:id="Gl70w2">{_icel</w>
CMON  to  :Gl76w3    fist_}         <w xml:id="Gl76w3">fis<add place="inl">t</add>_}</w>

>>>     agglutination     <<<

OAGLS from:Gl2w2     [ne            <w xml:id="Gl2w2">[ne</w>
CAGLS to  :Gl2w4     enpire]        <w xml:id="Gl2w4">enpire]</w>

OAGLS from:Gl5w4     [i             <w xml:id="Gl5w4">[i</w>
CAGLS to  :Gl5w5     fu]}           <w xml:id="Gl5w5">fu]}</w>

OAGLS from:Gl8w6     [ne            <w xml:id="Gl8w6">[ne</w>
CAGLS to  :Gl8w9     oist]          <w xml:id="Gl8w9">o<c ana="#hiat">i</c>st]</w>

OAGLS from:Gl9w2     [de            <w xml:id="Gl9w2">[de</w>
CAGLS to  :Gl9w4     estorie]       <w xml:id="Gl9w4">estorie]</w>

OAGLS from:Gl10w3    [la            <w xml:id="Gl10w3">[la</w>
CAGLS to  :Gl10w4    fin]           <w xml:id="Gl10w4">fin]</w>

OAGLS from:Gl13w2    [en            <w xml:id="Gl13w2">[en</w>
CAGLS to  :Gl13w3    gre]Grece      <w xml:id="Gl13w3">   <choice>     <sic>gre]</sic>     <corr>Grece</corr>   </choice> </w>

OAGLS from:Gl14w5    [de            <w xml:id="Gl14w5">[de</w>
CAGLS to  :Gl14w6    sa]            <w xml:id="Gl14w6">sa]</w>

OAGLS from:Gl21w1    [Sa            <w xml:id="Gl21w1">[Sa</w>
CAGLS to  :Gl21w2    mere]          <w xml:id="Gl21w2">mere]</w>

OAGLS from:Gl25w3    [a             <w xml:id="Gl25w3">[<c ana="#diacr-desamb">a</c></w>
CAGLS to  :Gl25w4    feme]          <w xml:id="Gl25w4">feme]</w>

OAGLS from:Gl27w6    [de            <w xml:id="Gl27w6">[de</w>
CAGLS to  :Gl27w8    tere]          <w xml:id="Gl27w8">tere]</w>

OAGLS from:Gl29w3    [i             <w xml:id="Gl29w3">[i</w>
CAGLS to  :Gl29w4    osa]           <w xml:id="Gl29w4">osa]</w>

OAGLS from:Gl31w1    [Jl            <w xml:id="Gl31w1">[<c ana="#lram-v">J</c>l</w>
CAGLS to  :Gl31w2    e]             <w xml:id="Gl31w2">e]</w>

OAGLS from:Gl36w1    [Le            <w xml:id="Gl36w1">[Le</w>
CAGLS to  :Gl36w2    uoir]          <w xml:id="Gl36w2"><c ana="#lram-c">u</c>oir]</w>

OAGLS from:Gl38w4    [de            <w xml:id="Gl38w4">[de</w>
CAGLS to  :Gl38w5    ses]           <w xml:id="Gl38w5">ses]</w>

OAGLS from:Gl39w4    [le            <w xml:id="Gl39w4" function="link">[le</w>
CAGLS to  :Gl39w5    cortois]       <w xml:id="Gl39w5">cortois]</w>

OAGLS from:Gl45w3    [i             <w xml:id="Gl45w3">[i</w>
CAGLS to  :Gl45w4    mist]          <w xml:id="Gl45w4">mist]</w>

OAGLS from:Gl47w5    [en            <w xml:id="Gl47w5">[en</w>
CAGLS to  :Gl47w6    grece]         <w xml:id="Gl47w6">grece]</w>

OAGLS from:Gl51w6    [de            <w xml:id="Gl51w6">[de</w>
CAGLS to  :Gl51w7    mer]           <w xml:id="Gl51w7">mer]</w>

OAGLS from:Gl52w4    [en            <w xml:id="Gl52w4">[en</w>
CAGLS to  :Gl52w5    grece]         <w xml:id="Gl52w5">grece]</w>

OAGLS from:Gl54w1    [Ja            <w xml:id="Gl54w1">[<c ana="#lram-c">J</c>a</w>
CAGLS to  :Gl54w2    plus]          <w xml:id="Gl54w2">plus]</w>

OAGLS from:Gl56w3    [a             <w xml:id="Gl56w3">[a</w>
CAGLS to  :Gl56w4    mant]          <w xml:id="Gl56w4">ma<expan corresp="#ab-tild-nas"><ex>n</ex></expan>t]</w>

OAGLS from:Gl59w6    [au            <w xml:id="Gl59w6">[au</w>
CAGLS to  :Gl59w7    retor]         <w xml:id="Gl59w7">retor]</w>

OAGLS from:Gl62w1    [Vn            <w xml:id="Gl62w1">[<c ana="#lram-v">V</c>n</w>
CAGLS to  :Gl62w2    ore]           <w xml:id="Gl62w2">ore]</w>

OAGLS from:Gl62w3    [en            <w xml:id="Gl62w3">[en</w>
CAGLS to  :Gl62w4    pais]          <w xml:id="Gl62w4">pais]</w>

OAGLS from:Gl62w7    [en            <w xml:id="Gl62w7">[en</w>
CAGLS to  :Gl62w8    guere]         <w xml:id="Gl62w8">guere]</w>

OAGLS from:Gl63w4    [de            <w xml:id="Gl63w4">[de</w>
CAGLS to  :Gl63w5    sa]            <w xml:id="Gl63w5">sa]</w>

OAGLS from:Gl73w3    {3%[de         <w xml:id="Gl73w3">{3%[de</w>
CAGLS to  :Gl73w4    sa]            <w xml:id="Gl73w4">sa]</w>

OAGLS from:Gl85w5    [en            <w xml:id="Gl85w5">[en</w>
CAGLS to  :Gl85w6    geste]         <w xml:id="Gl85w6">geste]</w>

OAGLS from:Gl86w3    [a             <w xml:id="Gl86w3">[<c ana="#diacr-desamb">a</c></w>
CAGLS to  :Gl86w4    cele]          <w xml:id="Gl86w4">cele]</w>

OAGLS from:Gl87w3    [i             <w xml:id="Gl87w3">[i</w>
CAGLS to  :Gl87w4    dona]          <w xml:id="Gl87w4">dona]</w>

OAGLS from:Gl87w5    [a             <w xml:id="Gl87w5">[<c ana="#diacr-desamb">a</c></w>
CAGLS to  :Gl87w7    gent]          <w xml:id="Gl87w7">gent]</w>

OAGLS from:Gl88w4    [e             <w xml:id="Gl88w4">[e</w>
CAGLS to  :Gl88w5    de]            <w xml:id="Gl88w5">de]</w>

>>>     agglutination_uncert     <<<

OAGLU from:Gl7w5     [_ne           <w xml:id="Gl7w5">[_ne</w>
CAGLU to  :Gl7w6     uos_]          <w xml:id="Gl7w6"><c ana="#lram-c">u</c>os_]</w>

OAGLU from:Gl11w4    [_que          <w xml:id="Gl11w4">[_<expan corresp="#ab-tild-q">q<ex>ue</ex></expan></w>
CAGLU to  :Gl11w5    ie_]           <w xml:id="Gl11w5"><c ana="#lram-c">i</c>e_]</w>

OAGLU from:Gl20w2    [_il           <w xml:id="Gl20w2">[_il</w>
CAGLU to  :Gl20w4    nes_]          <w xml:id="Gl20w4">n<c ana="#e-ton">e</c>s_]</w>

OAGLU from:Gl52w1    [_Pora         <w xml:id="Gl52w1">[_Pora</w>
CAGLU to  :Gl52w2    il_]           <w xml:id="Gl52w2">il_]</w>

OAGLU from:Gl59w2    [_a            <w xml:id="Gl59w2">[_<c ana="#diacr-desamb">a</c></w>
CAGLU to  :Gl59w4    aler_]         <w xml:id="Gl59w4">aler_]</w>

>>>     damage     <<<

>>>     damagel_low     <<<

ODAML from:Gl21w4    {1%de          <w xml:id="Gl21w4">{1%de</w>
CDAML to  :Gl30w4    auoitavoir%1}  <w xml:id="Gl30w4">   <choice>     <sic>auoit</sic>     <corr>avoir%1}</corr>   </choice> </w>

>>>     damage_medium     <<<

ODAMM from:Gl7w3     {2%pois        <w xml:id="Gl7w3">{2%pois</w>
CDAMM to  :Gl14w7    loi%2}         <w xml:id="Gl14w7">loi%2}</w>

>>>     damage_high     <<<

ODAMH from:Gl1w3     {3%romullus    <w xml:id="Gl1w3">{3%romullus</w>
CDAMH to  :Gl6w7     tort%3}        <w xml:id="Gl6w7">tort%3}</w>

ODAMH from:Gl73w3    {3%[de         <w xml:id="Gl73w3">{3%[de</w>
CDAMH to  :Gl75w7    cher%3}        <w xml:id="Gl75w7">cher%3}</w>

